#
# There is insufficient memory for the Java Runtime Environment to continue.
# Native memory allocation (malloc) failed to allocate 351056 bytes for Chunk::new
# Possible reasons:
#   The system is out of physical RAM or swap space
#   In 32 bit mode, the process size limit was hit
# Possible solutions:
#   Reduce memory load on the system
#   Increase physical memory or swap space
#   Check if swap backing store is full
#   Use 64 bit Java on a 64 bit OS
#   Decrease Java heap size (-Xmx/-Xms)
#   Decrease number of Java threads
#   Decrease Java thread stack sizes (-Xss)
#   Set larger code cache with -XX:ReservedCodeCacheSize=
# This output file may be truncated or incomplete.
#
#  Out of Memory Error (allocation.cpp:390), pid=4612, tid=11016
#
# JRE version: Java(TM) SE Runtime Environment (8.0_31-b13) (build 1.8.0_31-b13)
# Java VM: Java HotSpot(TM) 64-Bit Server VM (25.31-b07 mixed mode windows-amd64 compressed oops)
# Failed to write core dump. Minidumps are not enabled by default on client versions of Windows
#

---------------  T H R E A D  ---------------

Current thread (0x0000000015ec6000):  JavaThread "C2 CompilerThread1" daemon [_thread_in_native, id=11016, stack(0x0000000017530000,0x0000000017630000)]

Stack: [0x0000000017530000,0x0000000017630000]
Native frames: (J=compiled Java code, j=interpreted, Vv=VM code, C=native code)
V  [jvm.dll+0x3169ba]
V  [jvm.dll+0x2674c3]
V  [jvm.dll+0x268103]
V  [jvm.dll+0x25f8f5]
V  [jvm.dll+0xbf025]
V  [jvm.dll+0xbf4cc]
V  [jvm.dll+0x45df82]
V  [jvm.dll+0x49f21f]
V  [jvm.dll+0x452b35]
V  [jvm.dll+0x454124]
V  [jvm.dll+0x437c62]
V  [jvm.dll+0x988e2]
V  [jvm.dll+0x990d3]
V  [jvm.dll+0x22c194]
V  [jvm.dll+0x28576a]
C  [msvcr100.dll+0x21d9f]
C  [msvcr100.dll+0x21e3b]
C  [KERNEL32.DLL+0x13d2]
C  [ntdll.dll+0x15444]


Current CompileTask:
C2:   3761 1086   !   4       java.io.PrintStream::write (83 bytes)


---------------  P R O C E S S  ---------------

Java Threads: ( => current thread )
  0x0000000018226800 JavaThread "D3D Screen Updater" daemon [_thread_blocked, id=8196, stack(0x000000001bcd0000,0x000000001bdd0000)]
  0x0000000017fcb800 JavaThread "Swing-Shell" daemon [_thread_blocked, id=10156, stack(0x000000001aa50000,0x000000001ab50000)]
  0x0000000017eb4800 JavaThread "AWT-EventQueue-0" [_thread_blocked, id=11968, stack(0x000000001a750000,0x000000001a850000)]
  0x0000000017eb4000 JavaThread "AWT-Shutdown" [_thread_blocked, id=10976, stack(0x0000000018a20000,0x0000000018b20000)]
  0x0000000017fa8800 JavaThread "Image Fetcher 0" daemon [_thread_blocked, id=7388, stack(0x000000001a650000,0x000000001a750000)]
  0x0000000017f25000 JavaThread "AWT-Windows" daemon [_thread_in_native, id=9236, stack(0x0000000018b20000,0x0000000018c20000)]
  0x0000000017f23800 JavaThread "Java2D Disposer" daemon [_thread_blocked, id=9820, stack(0x0000000018920000,0x0000000018a20000)]
  0x0000000017750800 JavaThread "Service Thread" daemon [_thread_blocked, id=10372, stack(0x0000000017b30000,0x0000000017c30000)]
  0x0000000015ecd000 JavaThread "C1 CompilerThread2" daemon [_thread_blocked, id=7372, stack(0x0000000017630000,0x0000000017730000)]
=>0x0000000015ec6000 JavaThread "C2 CompilerThread1" daemon [_thread_in_native, id=11016, stack(0x0000000017530000,0x0000000017630000)]
  0x0000000015ebe800 JavaThread "C2 CompilerThread0" daemon [_thread_blocked, id=10108, stack(0x0000000017430000,0x0000000017530000)]
  0x0000000015ebb800 JavaThread "Attach Listener" daemon [_thread_blocked, id=4164, stack(0x0000000017330000,0x0000000017430000)]
  0x0000000015eba800 JavaThread "Signal Dispatcher" daemon [_thread_blocked, id=10676, stack(0x0000000017230000,0x0000000017330000)]
  0x0000000002634000 JavaThread "Finalizer" daemon [_thread_blocked, id=9860, stack(0x0000000017130000,0x0000000017230000)]
  0x0000000015e88000 JavaThread "Reference Handler" daemon [_thread_blocked, id=1920, stack(0x0000000017030000,0x0000000017130000)]
  0x000000000253d800 JavaThread "main" [_thread_in_native, id=11588, stack(0x00000000023f0000,0x00000000024f0000)]

Other Threads:
  0x0000000015e86000 VMThread [stack: 0x0000000016f30000,0x0000000017030000] [id=12416]
  0x0000000017752000 WatcherThread [stack: 0x0000000017c30000,0x0000000017d30000] [id=11624]

VM state:not at safepoint (normal execution)

VM Mutex/Monitor currently owned by a thread: None

Heap:
 PSYoungGen      total 28672K, used 1847K [0x00000000e0980000, 0x00000000e2980000, 0x0000000100000000)
  eden space 24576K, 7% used [0x00000000e0980000,0x00000000e0b4df50,0x00000000e2180000)
  from space 4096K, 0% used [0x00000000e2580000,0x00000000e2580000,0x00000000e2980000)
  to   space 4096K, 0% used [0x00000000e2180000,0x00000000e2180000,0x00000000e2580000)
 ParOldGen       total 57344K, used 8614K [0x00000000a1c00000, 0x00000000a5400000, 0x00000000e0980000)
  object space 57344K, 15% used [0x00000000a1c00000,0x00000000a24698a0,0x00000000a5400000)
 Metaspace       used 12747K, capacity 12930K, committed 13184K, reserved 1062912K
  class space    used 1766K, capacity 1833K, committed 1920K, reserved 1048576K

Card table byte_map: [0x0000000011a00000,0x0000000011d00000] byte_map_base: 0x00000000114f2000

Marking Bits: (ParMarkBitMap*) 0x0000000059e1d4f0
 Begin Bits: [0x0000000012300000, 0x0000000013a90000)
 End Bits:   [0x0000000013a90000, 0x0000000015220000)

Polling page: 0x0000000000bf0000

CodeCache: size=245760Kb used=4028Kb max_used=4028Kb free=241732Kb
 bounds [0x0000000002640000, 0x0000000002a40000, 0x0000000011640000]
 total_blobs=1621 nmethods=1103 adapters=432
 compilation: enabled

Compilation events (10 events):
Event: 3.697 Thread 0x0000000015ecd000 nmethod 1088 0x0000000002a28ad0 code [0x0000000002a28ce0, 0x0000000002a296d8]
Event: 3.698 Thread 0x0000000015ecd000 1090   !   3       java.io.PrintStream::println (31 bytes)
Event: 3.699 Thread 0x0000000015ecd000 nmethod 1090 0x0000000002a28190 code [0x0000000002a28340, 0x0000000002a288c8]
Event: 3.700 Thread 0x0000000015ecd000 1091       3       java.lang.reflect.Method::invoke (62 bytes)
Event: 3.701 Thread 0x0000000015ecd000 nmethod 1091 0x0000000002a27890 code [0x0000000002a27a40, 0x0000000002a27fa8]
Event: 3.701 Thread 0x0000000015ecd000 1092       3       sun.reflect.DelegatingMethodAccessorImpl::invoke (10 bytes)
Event: 3.701 Thread 0x0000000015ecd000 nmethod 1092 0x0000000002a273d0 code [0x0000000002a27540, 0x0000000002a27768]
Event: 3.712 Thread 0x0000000015ebe800 nmethod 1081 0x0000000002a2ee10 code [0x0000000002a2efa0, 0x0000000002a2f810]
Event: 3.712 Thread 0x0000000015ebe800 1089       4       java.nio.ByteBuffer::array (35 bytes)
Event: 3.713 Thread 0x0000000015ebe800 nmethod 1089 0x0000000002a2bf50 code [0x0000000002a2c080, 0x0000000002a2c118]

GC Heap History (6 events):
Event: 1.374 GC heap before
{Heap before GC invocations=1 (full 0):
 PSYoungGen      total 28672K, used 24576K [0x00000000e0980000, 0x00000000e2980000, 0x0000000100000000)
  eden space 24576K, 100% used [0x00000000e0980000,0x00000000e2180000,0x00000000e2180000)
  from space 4096K, 0% used [0x00000000e2580000,0x00000000e2580000,0x00000000e2980000)
  to   space 4096K, 0% used [0x00000000e2180000,0x00000000e2180000,0x00000000e2580000)
 ParOldGen       total 65536K, used 0K [0x00000000a1c00000, 0x00000000a5c00000, 0x00000000e0980000)
  object space 65536K, 0% used [0x00000000a1c00000,0x00000000a1c00000,0x00000000a5c00000)
 Metaspace       used 3429K, capacity 4594K, committed 4864K, reserved 1056768K
  class space    used 361K, capacity 418K, committed 512K, reserved 1048576K
Event: 1.381 GC heap after
Heap after GC invocations=1 (full 0):
 PSYoungGen      total 28672K, used 4080K [0x00000000e0980000, 0x00000000e2980000, 0x0000000100000000)
  eden space 24576K, 0% used [0x00000000e0980000,0x00000000e0980000,0x00000000e2180000)
  from space 4096K, 99% used [0x00000000e2180000,0x00000000e257c010,0x00000000e2580000)
  to   space 4096K, 0% used [0x00000000e2580000,0x00000000e2580000,0x00000000e2980000)
 ParOldGen       total 65536K, used 5890K [0x00000000a1c00000, 0x00000000a5c00000, 0x00000000e0980000)
  object space 65536K, 8% used [0x00000000a1c00000,0x00000000a21c0aa0,0x00000000a5c00000)
 Metaspace       used 3429K, capacity 4594K, committed 4864K, reserved 1056768K
  class space    used 361K, capacity 418K, committed 512K, reserved 1048576K
}
Event: 3.631 GC heap before
{Heap before GC invocations=2 (full 0):
 PSYoungGen      total 28672K, used 24134K [0x00000000e0980000, 0x00000000e2980000, 0x0000000100000000)
  eden space 24576K, 81% used [0x00000000e0980000,0x00000000e1d15800,0x00000000e2180000)
  from space 4096K, 99% used [0x00000000e2180000,0x00000000e257c010,0x00000000e2580000)
  to   space 4096K, 0% used [0x00000000e2580000,0x00000000e2580000,0x00000000e2980000)
 ParOldGen       total 65536K, used 5890K [0x00000000a1c00000, 0x00000000a5c00000, 0x00000000e0980000)
  object space 65536K, 8% used [0x00000000a1c00000,0x00000000a21c0aa0,0x00000000a5c00000)
 Metaspace       used 12664K, capacity 12804K, committed 12928K, reserved 1064960K
  class space    used 1761K, capacity 1834K, committed 1920K, reserved 1048576K
Event: 3.638 GC heap after
Heap after GC invocations=2 (full 0):
 PSYoungGen      total 28672K, used 4091K [0x00000000e0980000, 0x00000000e2980000, 0x0000000100000000)
  eden space 24576K, 0% used [0x00000000e0980000,0x00000000e0980000,0x00000000e2180000)
  from space 4096K, 99% used [0x00000000e2580000,0x00000000e297ee60,0x00000000e2980000)
  to   space 4096K, 0% used [0x00000000e2180000,0x00000000e2180000,0x00000000e2580000)
 ParOldGen       total 65536K, used 7508K [0x00000000a1c00000, 0x00000000a5c00000, 0x00000000e0980000)
  object space 65536K, 11% used [0x00000000a1c00000,0x00000000a23550c8,0x00000000a5c00000)
 Metaspace       used 12664K, capacity 12804K, committed 12928K, reserved 1064960K
  class space    used 1761K, capacity 1834K, committed 1920K, reserved 1048576K
}
Event: 3.638 GC heap before
{Heap before GC invocations=3 (full 1):
 PSYoungGen      total 28672K, used 4091K [0x00000000e0980000, 0x00000000e2980000, 0x0000000100000000)
  eden space 24576K, 0% used [0x00000000e0980000,0x00000000e0980000,0x00000000e2180000)
  from space 4096K, 99% used [0x00000000e2580000,0x00000000e297ee60,0x00000000e2980000)
  to   space 4096K, 0% used [0x00000000e2180000,0x00000000e2180000,0x00000000e2580000)
 ParOldGen       total 65536K, used 7508K [0x00000000a1c00000, 0x00000000a5c00000, 0x00000000e0980000)
  object space 65536K, 11% used [0x00000000a1c00000,0x00000000a23550c8,0x00000000a5c00000)
 Metaspace       used 12664K, capacity 12804K, committed 12928K, reserved 1064960K
  class space    used 1761K, capacity 1834K, committed 1920K, reserved 1048576K
Event: 3.670 GC heap after
Heap after GC invocations=3 (full 1):
 PSYoungGen      total 28672K, used 0K [0x00000000e0980000, 0x00000000e2980000, 0x0000000100000000)
  eden space 24576K, 0% used [0x00000000e0980000,0x00000000e0980000,0x00000000e2180000)
  from space 4096K, 0% used [0x00000000e2580000,0x00000000e2580000,0x00000000e2980000)
  to   space 4096K, 0% used [0x00000000e2180000,0x00000000e2180000,0x00000000e2580000)
 ParOldGen       total 57344K, used 8614K [0x00000000a1c00000, 0x00000000a5400000, 0x00000000e0980000)
  object space 57344K, 15% used [0x00000000a1c00000,0x00000000a24698a0,0x00000000a5400000)
 Metaspace       used 12663K, capacity 12802K, committed 12928K, reserved 1062912K
  class space    used 1760K, capacity 1833K, committed 1920K, reserved 1048576K
}

Deoptimization events (10 events):
Event: 3.038 Thread 0x000000000253d800 Uncommon trap: reason=unreached action=reinterpret pc=0x00000000027e8b70 method=java.util.regex.Pattern.compile()V @ 249
Event: 3.038 Thread 0x000000000253d800 Uncommon trap: reason=class_check action=maybe_recompile pc=0x00000000027d6f5c method=java.util.regex.Pattern$Start.match(Ljava/util/regex/Matcher;ILjava/lang/CharSequence;)Z @ 44
Event: 3.038 Thread 0x000000000253d800 Uncommon trap: reason=class_check action=maybe_recompile pc=0x00000000027d6f5c method=java.util.regex.Pattern$Start.match(Ljava/util/regex/Matcher;ILjava/lang/CharSequence;)Z @ 44
Event: 3.038 Thread 0x000000000253d800 Uncommon trap: reason=class_check action=maybe_recompile pc=0x00000000027d6f5c method=java.util.regex.Pattern$Start.match(Ljava/util/regex/Matcher;ILjava/lang/CharSequence;)Z @ 44
Event: 3.038 Thread 0x000000000253d800 Uncommon trap: reason=class_check action=maybe_recompile pc=0x00000000027d6f5c method=java.util.regex.Pattern$Start.match(Ljava/util/regex/Matcher;ILjava/lang/CharSequence;)Z @ 44
Event: 3.160 Thread 0x000000000253d800 Uncommon trap: reason=class_check action=maybe_recompile pc=0x00000000027ed94c method=java.util.AbstractCollection.toArray([Ljava/lang/Object;)[Ljava/lang/Object; @ 1
Event: 3.160 Thread 0x000000000253d800 Uncommon trap: reason=class_check action=maybe_recompile pc=0x00000000027ed94c method=java.util.AbstractCollection.toArray([Ljava/lang/Object;)[Ljava/lang/Object; @ 1
Event: 3.235 Thread 0x000000000253d800 Uncommon trap: reason=unloaded action=reinterpret pc=0x000000000280b0cc method=java.lang.String.split(Ljava/lang/String;I)[Ljava/lang/String; @ 116
Event: 3.244 Thread 0x000000000253d800 Uncommon trap: reason=unloaded action=reinterpret pc=0x0000000002785e10 method=java.lang.CharacterData.of(I)Ljava/lang/CharacterData; @ 96
Event: 3.488 Thread 0x0000000017eb4800 Uncommon trap: reason=class_check action=maybe_recompile pc=0x00000000027ed94c method=java.util.AbstractCollection.toArray([Ljava/lang/Object;)[Ljava/lang/Object; @ 1

Internal exceptions (10 events):
Event: 3.391 Thread 0x000000000253d800 Exception <a 'java/security/PrivilegedActionException'> (0x00000000e1a10ae8) thrown at [C:\workspace\8-2-build-windows-amd64-cygwin\jdk8u31\2394\hotspot\src\share\vm\prims\jvm.cpp, line 1312]
Event: 3.392 Thread 0x000000000253d800 Exception <a 'java/security/PrivilegedActionException'> (0x00000000e1a13360) thrown at [C:\workspace\8-2-build-windows-amd64-cygwin\jdk8u31\2394\hotspot\src\share\vm\prims\jvm.cpp, line 1312]
Event: 3.392 Thread 0x000000000253d800 Exception <a 'java/security/PrivilegedActionException'> (0x00000000e1a15bd0) thrown at [C:\workspace\8-2-build-windows-amd64-cygwin\jdk8u31\2394\hotspot\src\share\vm\prims\jvm.cpp, line 1312]
Event: 3.393 Thread 0x000000000253d800 Exception <a 'java/security/PrivilegedActionException'> (0x00000000e1a18328) thrown at [C:\workspace\8-2-build-windows-amd64-cygwin\jdk8u31\2394\hotspot\src\share\vm\prims\jvm.cpp, line 1312]
Event: 3.393 Thread 0x000000000253d800 Exception <a 'java/security/PrivilegedActionException'> (0x00000000e1a1ab88) thrown at [C:\workspace\8-2-build-windows-amd64-cygwin\jdk8u31\2394\hotspot\src\share\vm\prims\jvm.cpp, line 1312]
Event: 3.395 Thread 0x000000000253d800 Exception <a 'java/security/PrivilegedActionException'> (0x00000000e1a1ea80) thrown at [C:\workspace\8-2-build-windows-amd64-cygwin\jdk8u31\2394\hotspot\src\share\vm\prims\jvm.cpp, line 1312]
Event: 3.396 Thread 0x000000000253d800 Exception <a 'java/security/PrivilegedActionException'> (0x00000000e1a213a8) thrown at [C:\workspace\8-2-build-windows-amd64-cygwin\jdk8u31\2394\hotspot\src\share\vm\prims\jvm.cpp, line 1312]
Event: 3.399 Thread 0x000000000253d800 Exception <a 'java/security/PrivilegedActionException'> (0x00000000e1a27258) thrown at [C:\workspace\8-2-build-windows-amd64-cygwin\jdk8u31\2394\hotspot\src\share\vm\prims\jvm.cpp, line 1312]
Event: 3.400 Thread 0x000000000253d800 Exception <a 'java/security/PrivilegedActionException'> (0x00000000e1a2ab30) thrown at [C:\workspace\8-2-build-windows-amd64-cygwin\jdk8u31\2394\hotspot\src\share\vm\prims\jvm.cpp, line 1312]
Event: 3.514 Thread 0x0000000017eb4800 Exception <a 'java/security/PrivilegedActionException'> (0x00000000e197dde8) thrown at [C:\workspace\8-2-build-windows-amd64-cygwin\jdk8u31\2394\hotspot\src\share\vm\prims\jvm.cpp, line 1312]

Events (10 events):
Event: 3.672 loading class sun/util/locale/StringTokenIterator
Event: 3.672 loading class sun/util/locale/StringTokenIterator done
Event: 3.672 loading class sun/util/locale/InternalLocaleBuilder
Event: 3.672 loading class sun/util/locale/InternalLocaleBuilder done
Event: 3.673 loading class sun/util/locale/InternalLocaleBuilder$CaseInsensitiveChar
Event: 3.673 loading class sun/util/locale/InternalLocaleBuilder$CaseInsensitiveChar done
Event: 3.676 Thread 0x00000000180d1800 Thread added: 0x00000000180d1800
Event: 3.677 Thread 0x0000000018172800 Thread added: 0x0000000018172800
Event: 3.677 Thread 0x00000000180d1800 Thread exited: 0x00000000180d1800
Event: 3.692 Thread 0x0000000018172800 Thread exited: 0x0000000018172800


Dynamic libraries:
0x00007ff7499f0000 - 0x00007ff749a24000 	C:\Program Files\Java\jre1.8.0_31\bin\javaw.exe
0x00007ffbb61d0000 - 0x00007ffbb637c000 	C:\WINDOWS\SYSTEM32\ntdll.dll
0x00007ffbb4740000 - 0x00007ffbb487e000 	C:\WINDOWS\system32\KERNEL32.DLL
0x00007ffbb33f0000 - 0x00007ffbb3505000 	C:\WINDOWS\system32\KERNELBASE.dll
0x00007ffbb1ec0000 - 0x00007ffbb1f4e000 	C:\WINDOWS\system32\apphelp.dll
0x00007ffba0780000 - 0x00007ffba07d3000 	C:\WINDOWS\AppPatch\AppPatch64\AcGenral.DLL
0x00007ffbb3f00000 - 0x00007ffbb3faa000 	C:\WINDOWS\system32\msvcrt.dll
0x00007ffbb30f0000 - 0x00007ffbb311e000 	C:\WINDOWS\SYSTEM32\SspiCli.dll
0x00007ffbb3dd0000 - 0x00007ffbb3e24000 	C:\WINDOWS\system32\SHLWAPI.dll
0x00007ffbb3ad0000 - 0x00007ffbb3c47000 	C:\WINDOWS\system32\USER32.dll
0x00007ffbb4b00000 - 0x00007ffbb4c94000 	C:\WINDOWS\system32\ole32.dll
0x00007ffbb4ca0000 - 0x00007ffbb61b8000 	C:\WINDOWS\system32\SHELL32.dll
0x00007ffbb28c0000 - 0x00007ffbb28e1000 	C:\WINDOWS\SYSTEM32\USERENV.dll
0x00007ffbb3c50000 - 0x00007ffbb3cfa000 	C:\WINDOWS\system32\ADVAPI32.dll
0x00007ffbabb30000 - 0x00007ffbabb4e000 	C:\WINDOWS\SYSTEM32\MPR.dll
0x00007ffbb38c0000 - 0x00007ffbb3a01000 	C:\WINDOWS\system32\RPCRT4.dll
0x00007ffbb3d70000 - 0x00007ffbb3dc9000 	C:\WINDOWS\SYSTEM32\sechost.dll
0x00007ffbb42e0000 - 0x00007ffbb44f1000 	C:\WINDOWS\SYSTEM32\combase.dll
0x00007ffbb4980000 - 0x00007ffbb4ad1000 	C:\WINDOWS\system32\GDI32.dll
0x00007ffbb3320000 - 0x00007ffbb3335000 	C:\WINDOWS\SYSTEM32\profapi.dll
0x00007ffbb1890000 - 0x00007ffbb1942000 	C:\WINDOWS\SYSTEM32\SHCORE.dll
0x00007ffbb4880000 - 0x00007ffbb48b6000 	C:\WINDOWS\system32\IMM32.DLL
0x00007ffbb3fd0000 - 0x00007ffbb4122000 	C:\WINDOWS\system32\MSCTF.dll
0x00007ffbaf380000 - 0x00007ffbaf5fa000 	C:\WINDOWS\WinSxS\amd64_microsoft.windows.common-controls_6595b64144ccf1df_6.0.9600.17810_none_6240b9c7ecbd0bda\COMCTL32.dll
0x000000005a890000 - 0x000000005a962000 	C:\Program Files\Java\jre1.8.0_31\bin\msvcr100.dll
0x0000000059640000 - 0x0000000059e9a000 	C:\Program Files\Java\jre1.8.0_31\bin\server\jvm.dll
0x00007ffbae2b0000 - 0x00007ffbae2b9000 	C:\WINDOWS\SYSTEM32\WSOCK32.dll
0x00007ffbab720000 - 0x00007ffbab742000 	C:\WINDOWS\SYSTEM32\WINMM.dll
0x00007ffbb38b0000 - 0x00007ffbb38b7000 	C:\WINDOWS\system32\PSAPI.DLL
0x00007ffbb46e0000 - 0x00007ffbb473a000 	C:\WINDOWS\system32\WS2_32.dll
0x00007ffbab6e0000 - 0x00007ffbab70a000 	C:\WINDOWS\SYSTEM32\WINMMBASE.dll
0x00007ffbb61c0000 - 0x00007ffbb61c9000 	C:\WINDOWS\system32\NSI.dll
0x00007ffbb3800000 - 0x00007ffbb384f000 	C:\WINDOWS\SYSTEM32\cfgmgr32.dll
0x00007ffbb2110000 - 0x00007ffbb2138000 	C:\WINDOWS\SYSTEM32\DEVOBJ.dll
0x000000005b1e0000 - 0x000000005b1ef000 	C:\Program Files\Java\jre1.8.0_31\bin\verify.dll
0x000000005ab70000 - 0x000000005ab98000 	C:\Program Files\Java\jre1.8.0_31\bin\java.dll
0x000000005aa30000 - 0x000000005aa46000 	C:\Program Files\Java\jre1.8.0_31\bin\zip.dll
0x000000005a6f0000 - 0x000000005a888000 	C:\Program Files\Java\jre1.8.0_31\bin\awt.dll
0x00007ffbb3e30000 - 0x00007ffbb3ef1000 	C:\WINDOWS\system32\OLEAUT32.dll
0x00007ffbb1f90000 - 0x00007ffbb20b9000 	C:\WINDOWS\system32\uxtheme.dll
0x00007ffbb0080000 - 0x00007ffbb00a1000 	C:\WINDOWS\system32\dwmapi.dll
0x00007ffbb2160000 - 0x00007ffbb216b000 	C:\WINDOWS\SYSTEM32\kernel.appcore.dll
0x00007ffbb3190000 - 0x00007ffbb319b000 	C:\WINDOWS\SYSTEM32\CRYPTBASE.dll
0x00007ffbb3120000 - 0x00007ffbb3183000 	C:\WINDOWS\SYSTEM32\bcryptPrimitives.dll
0x00007ffb95c50000 - 0x00007ffb95e71000 	C:\WINDOWS\system32\d3d9.dll
0x00007ffbab2e0000 - 0x00007ffbab2ea000 	C:\WINDOWS\SYSTEM32\VERSION.dll
0x00007ffb950b0000 - 0x00007ffb95c48000 	C:\WINDOWS\SYSTEM32\igdumdim64.dll
0x00007ffbb00b0000 - 0x00007ffbb04f0000 	C:\WINDOWS\SYSTEM32\igdusc64.dll
0x00007ffba06d0000 - 0x00007ffba0774000 	C:\WINDOWS\WinSxS\amd64_microsoft.windows.common-controls_6595b64144ccf1df_5.82.9600.17810_none_34ae2abd958aedeb\comctl32.dll
0x000000005a6a0000 - 0x000000005a6e7000 	C:\Program Files\Java\jre1.8.0_31\bin\fontmanager.dll
0x000000005aa10000 - 0x000000005aa2a000 	C:\Program Files\Java\jre1.8.0_31\bin\net.dll
0x00007ffbb2b30000 - 0x00007ffbb2b89000 	C:\WINDOWS\system32\mswsock.dll
0x000000005a9f0000 - 0x000000005aa01000 	C:\Program Files\Java\jre1.8.0_31\bin\nio.dll
0x000000005a550000 - 0x000000005a591000 	C:\Program Files\Java\jre1.8.0_31\bin\t2k.dll
0x00007ffbb48c0000 - 0x00007ffbb4976000 	C:\WINDOWS\SYSTEM32\clbcatq.dll
0x00007ffbaeb10000 - 0x00007ffbaec8f000 	C:\WINDOWS\SYSTEM32\PROPSYS.dll
0x00007ffba7710000 - 0x00007ffba78ad000 	C:\WINDOWS\system32\NetworkExplorer.dll
0x00007ffbb4500000 - 0x00007ffbb46da000 	C:\WINDOWS\system32\SETUPAPI.dll
0x00007ffbae330000 - 0x00007ffbae33b000 	C:\WINDOWS\System32\drprov.dll
0x00007ffbb31a0000 - 0x00007ffbb31fa000 	C:\WINDOWS\System32\WINSTA.dll
0x00007ffbae310000 - 0x00007ffbae327000 	C:\WINDOWS\System32\ntlanman.dll
0x00007ffbae2f0000 - 0x00007ffbae30f000 	C:\WINDOWS\System32\davclnt.dll
0x00007ffbae2e0000 - 0x00007ffbae2ec000 	C:\WINDOWS\System32\DAVHLPR.dll
0x00007ffbaf1d0000 - 0x00007ffbaf1e7000 	C:\WINDOWS\System32\wkscli.dll
0x00007ffba94c0000 - 0x00007ffba94d2000 	C:\WINDOWS\SYSTEM32\cscapi.dll
0x00007ffbb2560000 - 0x00007ffbb256c000 	C:\WINDOWS\System32\netutils.dll
0x00007ffbabf60000 - 0x00007ffbabfdb000 	C:\Windows\System32\dlnashext.dll
0x00007ffba2aa0000 - 0x00007ffba2aee000 	C:\Windows\System32\PlayToDevice.dll
0x00007ffbb2b90000 - 0x00007ffbb2bb0000 	C:\WINDOWS\SYSTEM32\CRYPTSP.dll
0x00007ffbb27b0000 - 0x00007ffbb27e6000 	C:\WINDOWS\system32\rsaenh.dll
0x00007ffbb2de0000 - 0x00007ffbb2e06000 	C:\WINDOWS\SYSTEM32\bcrypt.dll
0x00007ffbabe40000 - 0x00007ffbabe5e000 	C:\Windows\System32\DevDispItemProvider.dll
0x00007ffba9ed0000 - 0x00007ffbaa190000 	C:\Windows\System32\actxprxy.dll
0x00007ffb9c5b0000 - 0x00007ffb9c7ad000 	C:\WINDOWS\system32\wpdshext.dll
0x00007ffba7b20000 - 0x00007ffba7cd0000 	C:\WINDOWS\WinSxS\amd64_microsoft.windows.gdiplus_6595b64144ccf1df_1.1.9600.17415_none_932b3b5547500489\gdiplus.dll
0x00007ffba01d0000 - 0x00007ffba0284000 	C:\Windows\System32\PortableDeviceApi.dll
0x00007ffbb37a0000 - 0x00007ffbb37f1000 	C:\WINDOWS\system32\WINTRUST.dll
0x00007ffbb35c0000 - 0x00007ffbb379f000 	C:\WINDOWS\system32\CRYPT32.dll
0x00007ffbb33d0000 - 0x00007ffbb33e1000 	C:\WINDOWS\system32\MSASN1.dll
0x00007ffbac690000 - 0x00007ffbac6c7000 	C:\Windows\System32\EhStorShell.dll
0x00007ffbabb50000 - 0x00007ffbabb76000 	C:\Windows\System32\EhStorAPI.dll
0x00007ffbaeed0000 - 0x00007ffbaeee2000 	C:\Windows\System32\WTSAPI32.dll
0x00007ffba94e0000 - 0x00007ffba94ed000 	C:\WINDOWS\SYSTEM32\LINKINFO.dll
0x000000005a990000 - 0x000000005a9ba000 	C:\Program Files\Java\jre1.8.0_31\bin\dcpr.dll
0x00007ffba08b0000 - 0x00007ffba0952000 	C:\WINDOWS\system32\SogouTSF.ime
0x00007ffbac810000 - 0x00007ffbac817000 	C:\WINDOWS\system32\MSIMG32.dll
0x00007ffbac310000 - 0x00007ffbac342000 	C:\WINDOWS\SYSTEM32\ntmarta.dll
0x00007ffb93ef0000 - 0x00007ffb94711000 	C:\WINDOWS\system32\SogouPy.ime
0x00007ffbae8b0000 - 0x00007ffbae91a000 	C:\WINDOWS\SYSTEM32\OLEACC.dll
0x000000001f660000 - 0x000000001f73a000 	D:\New folder (2)\SogouInput\7.5.0.5674\Resource.dll
0x00007ffba2790000 - 0x00007ffba2919000 	C:\WINDOWS\SYSTEM32\dbghelp.dll
0x00007ffb94ec0000 - 0x00007ffb950ae000 	D:\New folder (2)\SogouInput\Components\PicFace\1.0.0.1272\PicFace64.dll

VM Arguments:
jvm_args: -Dfile.encoding=UTF-8 
java_command: cs298.FFSP
java_class_path (initial): D:\cs298\FaseFindAndSearch\bin;D:\cs298\FaseFindAndSearch\library\jmathplot.jar;D:\cs298\MDS\mdsj.jar;D:\cs298\FaseFindAndSearch\javaml-0.1.6.jar;D:\cs298\FaseFindAndSearch\library\ajt-2.6.jar;D:\cs298\FaseFindAndSearch\library\jfreechart-1.0.19.jar;D:\cs298\FaseFindAndSearch\library\jcommon-1.0.23.jar
Launcher Type: SUN_STANDARD

Environment Variables:
JAVA_HOME=C:\Program Files\Java\jdk1.8.0_31
CLASSPATH=d:\software\weka-3-6\weka.jar;.;C:\Program Files\Java\jdk1.8.0_31\lib\tools.jar;C:\Program Files\Java\jdk1.8.0_31\lib\dt.jar;C:\Program Files\Java\jdk1.8.0_31\bin;C:\Program Files\Java\jre1.8.0_31\bin
PATH=C:/Program Files/Java/jre1.8.0_31/bin/server;C:/Program Files/Java/jre1.8.0_31/bin;C:/Program Files/Java/jre1.8.0_31/lib/amd64;C:\ProgramData\Oracle\Java\javapath;.;c:\program files\java\jre1.8.0_31\bin;c:\program files\java\jdk1.8.0_31\bin;c:\program files\java\jdk1.8.0_31\lib\tools.jar;c:\program files\java\jdk1.8.0_31\lib\dt.jar;C:\Program Files (x86)\Intel\iCLS Client\;C:\Program Files\Intel\iCLS Client\;C:\WINDOWS\system32;C:\WINDOWS;C:\WINDOWS\System32\Wbem;C:\WINDOWS\System32\WindowsPowerShell\v1.0\;C:\Program Files (x86)\Intel\OpenCL SDK\2.0\bin\x86;C:\Program Files (x86)\Intel\OpenCL SDK\2.0\bin\x64;C:\Program Files\Intel\Intel(R) Management Engine Components\DAL;C:\Program Files\Intel\Intel(R) Management Engine Components\IPT;C:\Program Files (x86)\Intel\Intel(R) Management Engine Components\DAL;C:\Program Files (x86)\Intel\Intel(R) Management Engine Components\IPT;C:\Program Files\Diskeeper Corporation\ExpressCache\;C:\Program Files\Microsoft SQL Server\110\DTS\Binn\;C:\Program Files (x86)\Microsoft SQL Server\110\Tools\Binn\;C:\Program Files\Microsoft SQL Server\110\Tools\Binn\;C:\Program Files (x86)\Microsoft SQL Server\110\Tools\Binn\ManagementStudio\;C:\Program Files (x86)\Microsoft Visual Studio 10.0\Common7\IDE\PrivateAssemblies\;C:\Program Files (x86)\Microsoft SQL Server\110\DTS\Binn\;C:\Program Files (x86)\Skype\Phone\;C:\Program Files\eclipse-standard-luna-SR2-win32-x86_64\eclipse;
USERNAME=Administrator
OS=Windows_NT
PROCESSOR_IDENTIFIER=Intel64 Family 6 Model 58 Stepping 9, GenuineIntel



---------------  S Y S T E M  ---------------

OS: Windows 8.1 , 64 bit Build 9600 

CPU:total 4 (2 cores per cpu, 2 threads per core) family 6 model 58 stepping 9, cmov, cx8, fxsr, mmx, sse, sse2, sse3, ssse3, sse4.1, sse4.2, popcnt, avx, aes, clmul, erms, ht, tsc, tscinvbit, tscinv

Memory: 4k page, physical 6174352k(1036160k free), swap 25048720k(4424k free)

vm_info: Java HotSpot(TM) 64-Bit Server VM (25.31-b07) for windows-amd64 JRE (1.8.0_31-b13), built on Dec 17 2014 21:00:28 by "java_re" with MS VC++ 10.0 (VS2010)

time: Sat Jul 11 15:21:43 2015
elapsed time: 3 seconds (0d 0h 0m 3s)

