#
# There is insufficient memory for the Java Runtime Environment to continue.
# Native memory allocation (malloc) failed to allocate 65552 bytes for Chunk::new
# Possible reasons:
#   The system is out of physical RAM or swap space
#   In 32 bit mode, the process size limit was hit
# Possible solutions:
#   Reduce memory load on the system
#   Increase physical memory or swap space
#   Check if swap backing store is full
#   Use 64 bit Java on a 64 bit OS
#   Decrease Java heap size (-Xmx/-Xms)
#   Decrease number of Java threads
#   Decrease Java thread stack sizes (-Xss)
#   Set larger code cache with -XX:ReservedCodeCacheSize=
# This output file may be truncated or incomplete.
#
#  Out of Memory Error (allocation.cpp:390), pid=11400, tid=13704
#
# JRE version: Java(TM) SE Runtime Environment (8.0_31-b13) (build 1.8.0_31-b13)
# Java VM: Java HotSpot(TM) 64-Bit Server VM (25.31-b07 mixed mode windows-amd64 compressed oops)
# Failed to write core dump. Minidumps are not enabled by default on client versions of Windows
#

---------------  T H R E A D  ---------------

Current thread (0x000000001624b000):  JavaThread "C2 CompilerThread1" daemon [_thread_in_native, id=13704, stack(0x0000000017860000,0x0000000017960000)]

Stack: [0x0000000017860000,0x0000000017960000]
Native frames: (J=compiled Java code, j=interpreted, Vv=VM code, C=native code)
V  [jvm.dll+0x3169ba]
V  [jvm.dll+0x2674c3]
V  [jvm.dll+0x268103]
V  [jvm.dll+0x25f8f5]
V  [jvm.dll+0xbf025]
V  [jvm.dll+0xbf4cc]
V  [jvm.dll+0xbf774]
V  [jvm.dll+0x4cfb00]
V  [jvm.dll+0x49ef1f]
V  [jvm.dll+0x452b35]
V  [jvm.dll+0x454124]
V  [jvm.dll+0x437c62]
V  [jvm.dll+0x988e2]
V  [jvm.dll+0x990d3]
V  [jvm.dll+0x22c194]
V  [jvm.dll+0x28576a]
C  [msvcr100.dll+0x21d9f]
C  [msvcr100.dll+0x21e3b]
C  [KERNEL32.DLL+0x13d2]
C  [ntdll.dll+0x15444]


Current CompileTask:
C2: 104947 1325       4       org.math.plot.render.Projection::screenProjection (487 bytes)


---------------  P R O C E S S  ---------------

Java Threads: ( => current thread )
  0x0000000017e87000 JavaThread "DestroyJavaVM" [_thread_blocked, id=8592, stack(0x0000000002780000,0x0000000002880000)]
  0x0000000017ecf000 JavaThread "TimerQueue" daemon [_thread_blocked, id=9980, stack(0x0000000023120000,0x0000000023220000)]
  0x0000000017f21000 JavaThread "D3D Screen Updater" daemon [_thread_blocked, id=11312, stack(0x000000001d250000,0x000000001d350000)]
  0x0000000018235800 JavaThread "AWT-EventQueue-0" [_thread_blocked, id=10072, stack(0x000000001bb70000,0x000000001bc70000)]
  0x000000001800e000 JavaThread "AWT-Shutdown" [_thread_blocked, id=11612, stack(0x000000001ba70000,0x000000001bb70000)]
  0x00000000182e5000 JavaThread "Swing-Shell" daemon [_thread_blocked, id=12264, stack(0x000000001be70000,0x000000001bf70000)]
  0x0000000018047800 JavaThread "AWT-Windows" daemon [_thread_in_native, id=13612, stack(0x0000000019e20000,0x0000000019f20000)]
  0x000000001812d800 JavaThread "Java2D Disposer" daemon [_thread_blocked, id=13580, stack(0x0000000019c20000,0x0000000019d20000)]
  0x0000000016253000 JavaThread "Service Thread" daemon [_thread_blocked, id=13712, stack(0x0000000017a60000,0x0000000017b60000)]
  0x000000001624c000 JavaThread "C1 CompilerThread2" daemon [_thread_in_native, id=11888, stack(0x0000000017960000,0x0000000017a60000)]
=>0x000000001624b000 JavaThread "C2 CompilerThread1" daemon [_thread_in_native, id=13704, stack(0x0000000017860000,0x0000000017960000)]
  0x00000000161fd800 JavaThread "C2 CompilerThread0" daemon [_thread_in_native, id=13744, stack(0x0000000017760000,0x0000000017860000)]
  0x00000000161fa800 JavaThread "Attach Listener" daemon [_thread_blocked, id=11892, stack(0x0000000017660000,0x0000000017760000)]
  0x00000000161f9800 JavaThread "Signal Dispatcher" daemon [_thread_blocked, id=11944, stack(0x0000000017560000,0x0000000017660000)]
  0x0000000002973000 JavaThread "Finalizer" daemon [_thread_blocked, id=11956, stack(0x0000000017460000,0x0000000017560000)]
  0x00000000161c8000 JavaThread "Reference Handler" daemon [_thread_blocked, id=11928, stack(0x0000000017360000,0x0000000017460000)]

Other Threads:
  0x00000000161c6000 VMThread [stack: 0x0000000017260000,0x0000000017360000] [id=11900]
  0x0000000016256000 WatcherThread [stack: 0x0000000017b60000,0x0000000017c60000] [id=13696]

VM state:not at safepoint (normal execution)

VM Mutex/Monitor currently owned by a thread: None

Heap:
 PSYoungGen      total 126464K, used 27576K [0x00000000e0980000, 0x00000000e9e00000, 0x0000000100000000)
  eden space 122880K, 19% used [0x00000000e0980000,0x00000000e2121c18,0x00000000e8180000)
  from space 3584K, 94% used [0x00000000e8680000,0x00000000e89cc760,0x00000000e8a00000)
  to   space 13312K, 0% used [0x00000000e9100000,0x00000000e9100000,0x00000000e9e00000)
 ParOldGen       total 65536K, used 31958K [0x00000000a1c00000, 0x00000000a5c00000, 0x00000000e0980000)
  object space 65536K, 48% used [0x00000000a1c00000,0x00000000a3b359f8,0x00000000a5c00000)
 Metaspace       used 13169K, capacity 13348K, committed 13440K, reserved 1060864K
  class space    used 1825K, capacity 1866K, committed 1920K, reserved 1048576K

Card table byte_map: [0x0000000011d40000,0x0000000012040000] byte_map_base: 0x0000000011832000

Marking Bits: (ParMarkBitMap*) 0x00000000770ad4f0
 Begin Bits: [0x0000000012640000, 0x0000000013dd0000)
 End Bits:   [0x0000000013dd0000, 0x0000000015560000)

Polling page: 0x0000000000da0000

CodeCache: size=245760Kb used=3742Kb max_used=3743Kb free=242017Kb
 bounds [0x0000000002980000, 0x0000000002d30000, 0x0000000011980000]
 total_blobs=1702 nmethods=1174 adapters=441
 compilation: enabled

Compilation events (10 events):
Event: 102.594 Thread 0x00000000161fd800 1335       4       sun.java2d.pipe.PixelToParallelogramConverter::fill (76 bytes)
Event: 102.600 Thread 0x000000001624c000 1339       3       sun.java2d.pipe.RenderQueue::ensureCapacityAndAlignment (13 bytes)
Event: 102.600 Thread 0x000000001624c000 nmethod 1339 0x0000000002d28c10 code [0x0000000002d28da0, 0x0000000002d294e8]
Event: 102.600 Thread 0x000000001624c000 1340       3       java.awt.EventQueue::postEvent (13 bytes)
Event: 102.601 Thread 0x000000001624c000 nmethod 1340 0x0000000002d29f10 code [0x0000000002d2a0a0, 0x0000000002d2a4a8]
Event: 102.604 Thread 0x000000001624c000 1341       3       java.awt.geom.Point2D$Float::<init> (15 bytes)
Event: 102.604 Thread 0x000000001624c000 nmethod 1341 0x0000000002d28790 code [0x0000000002d28900, 0x0000000002d28b10]
Event: 102.604 Thread 0x000000001624c000 1342       3       java.awt.geom.AffineTransform::isIdentity (20 bytes)
Event: 102.604 Thread 0x000000001624c000 nmethod 1342 0x0000000002d28250 code [0x0000000002d283c0, 0x0000000002d286a8]
Event: 102.604 Thread 0x000000001624c000 1344   !   3       sun.java2d.SunGraphics2D::hitClip (269 bytes)

GC Heap History (10 events):
Event: 4.540 GC heap before
{Heap before GC invocations=17 (full 0):
 PSYoungGen      total 155648K, used 151072K [0x00000000e0980000, 0x00000000ebf00000, 0x0000000100000000)
  eden space 151040K, 100% used [0x00000000e0980000,0x00000000e9d00000,0x00000000e9d00000)
  from space 4608K, 0% used [0x00000000eba80000,0x00000000eba88000,0x00000000ebf00000)
  to   space 17408K, 0% used [0x00000000e9d00000,0x00000000e9d00000,0x00000000eae00000)
 ParOldGen       total 65536K, used 31934K [0x00000000a1c00000, 0x00000000a5c00000, 0x00000000e0980000)
  object space 65536K, 48% used [0x00000000a1c00000,0x00000000a3b2f9f8,0x00000000a5c00000)
 Metaspace       used 3318K, capacity 4594K, committed 4864K, reserved 1056768K
  class space    used 353K, capacity 418K, committed 512K, reserved 1048576K
Event: 4.541 GC heap after
Heap after GC invocations=17 (full 0):
 PSYoungGen      total 145408K, used 96K [0x00000000e0980000, 0x00000000ebb00000, 0x0000000100000000)
  eden space 144896K, 0% used [0x00000000e0980000,0x00000000e0980000,0x00000000e9700000)
  from space 512K, 18% used [0x00000000e9d00000,0x00000000e9d18000,0x00000000e9d80000)
  to   space 16384K, 0% used [0x00000000eab00000,0x00000000eab00000,0x00000000ebb00000)
 ParOldGen       total 65536K, used 31934K [0x00000000a1c00000, 0x00000000a5c00000, 0x00000000e0980000)
  object space 65536K, 48% used [0x00000000a1c00000,0x00000000a3b2f9f8,0x00000000a5c00000)
 Metaspace       used 3318K, capacity 4594K, committed 4864K, reserved 1056768K
  class space    used 353K, capacity 418K, committed 512K, reserved 1048576K
}
Event: 4.820 GC heap before
{Heap before GC invocations=18 (full 0):
 PSYoungGen      total 145408K, used 144992K [0x00000000e0980000, 0x00000000ebb00000, 0x0000000100000000)
  eden space 144896K, 100% used [0x00000000e0980000,0x00000000e9700000,0x00000000e9700000)
  from space 512K, 18% used [0x00000000e9d00000,0x00000000e9d18000,0x00000000e9d80000)
  to   space 16384K, 0% used [0x00000000eab00000,0x00000000eab00000,0x00000000ebb00000)
 ParOldGen       total 65536K, used 31934K [0x00000000a1c00000, 0x00000000a5c00000, 0x00000000e0980000)
  object space 65536K, 48% used [0x00000000a1c00000,0x00000000a3b2f9f8,0x00000000a5c00000)
 Metaspace       used 3318K, capacity 4594K, committed 4864K, reserved 1056768K
  class space    used 353K, capacity 418K, committed 512K, reserved 1048576K
Event: 4.821 GC heap after
Heap after GC invocations=18 (full 0):
 PSYoungGen      total 142848K, used 96K [0x00000000e0980000, 0x00000000eaf00000, 0x0000000100000000)
  eden space 138752K, 0% used [0x00000000e0980000,0x00000000e0980000,0x00000000e9100000)
  from space 4096K, 2% used [0x00000000eab00000,0x00000000eab18000,0x00000000eaf00000)
  to   space 15360K, 0% used [0x00000000e9100000,0x00000000e9100000,0x00000000ea000000)
 ParOldGen       total 65536K, used 31950K [0x00000000a1c00000, 0x00000000a5c00000, 0x00000000e0980000)
  object space 65536K, 48% used [0x00000000a1c00000,0x00000000a3b339f8,0x00000000a5c00000)
 Metaspace       used 3318K, capacity 4594K, committed 4864K, reserved 1056768K
  class space    used 353K, capacity 418K, committed 512K, reserved 1048576K
}
Event: 5.078 GC heap before
{Heap before GC invocations=19 (full 0):
 PSYoungGen      total 142848K, used 138848K [0x00000000e0980000, 0x00000000eaf00000, 0x0000000100000000)
  eden space 138752K, 100% used [0x00000000e0980000,0x00000000e9100000,0x00000000e9100000)
  from space 4096K, 2% used [0x00000000eab00000,0x00000000eab18000,0x00000000eaf00000)
  to   space 15360K, 0% used [0x00000000e9100000,0x00000000e9100000,0x00000000ea000000)
 ParOldGen       total 65536K, used 31950K [0x00000000a1c00000, 0x00000000a5c00000, 0x00000000e0980000)
  object space 65536K, 48% used [0x00000000a1c00000,0x00000000a3b339f8,0x00000000a5c00000)
 Metaspace       used 3318K, capacity 4594K, committed 4864K, reserved 1056768K
  class space    used 353K, capacity 418K, committed 512K, reserved 1048576K
Event: 5.079 GC heap after
Heap after GC invocations=19 (full 0):
 PSYoungGen      total 133632K, used 64K [0x00000000e0980000, 0x00000000eab80000, 0x0000000100000000)
  eden space 133120K, 0% used [0x00000000e0980000,0x00000000e0980000,0x00000000e8b80000)
  from space 512K, 12% used [0x00000000e9100000,0x00000000e9110000,0x00000000e9180000)
  to   space 14336K, 0% used [0x00000000e9d80000,0x00000000e9d80000,0x00000000eab80000)
 ParOldGen       total 65536K, used 31950K [0x00000000a1c00000, 0x00000000a5c00000, 0x00000000e0980000)
  object space 65536K, 48% used [0x00000000a1c00000,0x00000000a3b339f8,0x00000000a5c00000)
 Metaspace       used 3318K, capacity 4594K, committed 4864K, reserved 1056768K
  class space    used 353K, capacity 418K, committed 512K, reserved 1048576K
}
Event: 5.341 GC heap before
{Heap before GC invocations=20 (full 0):
 PSYoungGen      total 133632K, used 133184K [0x00000000e0980000, 0x00000000eab80000, 0x0000000100000000)
  eden space 133120K, 100% used [0x00000000e0980000,0x00000000e8b80000,0x00000000e8b80000)
  from space 512K, 12% used [0x00000000e9100000,0x00000000e9110000,0x00000000e9180000)
  to   space 14336K, 0% used [0x00000000e9d80000,0x00000000e9d80000,0x00000000eab80000)
 ParOldGen       total 65536K, used 31950K [0x00000000a1c00000, 0x00000000a5c00000, 0x00000000e0980000)
  object space 65536K, 48% used [0x00000000a1c00000,0x00000000a3b339f8,0x00000000a5c00000)
 Metaspace       used 3318K, capacity 4594K, committed 4864K, reserved 1056768K
  class space    used 353K, capacity 418K, committed 512K, reserved 1048576K
Event: 5.342 GC heap after
Heap after GC invocations=20 (full 0):
 PSYoungGen      total 132096K, used 96K [0x00000000e0980000, 0x00000000ea180000, 0x0000000100000000)
  eden space 128000K, 0% used [0x00000000e0980000,0x00000000e0980000,0x00000000e8680000)
  from space 4096K, 2% used [0x00000000e9d80000,0x00000000e9d98000,0x00000000ea180000)
  to   space 13824K, 0% used [0x00000000e8680000,0x00000000e8680000,0x00000000e9400000)
 ParOldGen       total 65536K, used 31950K [0x00000000a1c00000, 0x00000000a5c00000, 0x00000000e0980000)
  object space 65536K, 48% used [0x00000000a1c00000,0x00000000a3b339f8,0x00000000a5c00000)
 Metaspace       used 3318K, capacity 4594K, committed 4864K, reserved 1056768K
  class space    used 353K, capacity 418K, committed 512K, reserved 1048576K
}
Event: 17.717 GC heap before
{Heap before GC invocations=21 (full 0):
 PSYoungGen      total 132096K, used 128096K [0x00000000e0980000, 0x00000000ea180000, 0x0000000100000000)
  eden space 128000K, 100% used [0x00000000e0980000,0x00000000e8680000,0x00000000e8680000)
  from space 4096K, 2% used [0x00000000e9d80000,0x00000000e9d98000,0x00000000ea180000)
  to   space 13824K, 0% used [0x00000000e8680000,0x00000000e8680000,0x00000000e9400000)
 ParOldGen       total 65536K, used 31950K [0x00000000a1c00000, 0x00000000a5c00000, 0x00000000e0980000)
  object space 65536K, 48% used [0x00000000a1c00000,0x00000000a3b339f8,0x00000000a5c00000)
 Metaspace       used 12425K, capacity 12644K, committed 12928K, reserved 1060864K
  class space    used 1740K, capacity 1802K, committed 1920K, reserved 1048576K
Event: 17.722 GC heap after
Heap after GC invocations=21 (full 0):
 PSYoungGen      total 126464K, used 3377K [0x00000000e0980000, 0x00000000e9e00000, 0x0000000100000000)
  eden space 122880K, 0% used [0x00000000e0980000,0x00000000e0980000,0x00000000e8180000)
  from space 3584K, 94% used [0x00000000e8680000,0x00000000e89cc760,0x00000000e8a00000)
  to   space 13312K, 0% used [0x00000000e9100000,0x00000000e9100000,0x00000000e9e00000)
 ParOldGen       total 65536K, used 31958K [0x00000000a1c00000, 0x00000000a5c00000, 0x00000000e0980000)
  object space 65536K, 48% used [0x00000000a1c00000,0x00000000a3b359f8,0x00000000a5c00000)
 Metaspace       used 12425K, capacity 12644K, committed 12928K, reserved 1060864K
  class space    used 1740K, capacity 1802K, committed 1920K, reserved 1048576K
}

Deoptimization events (10 events):
Event: 15.789 Thread 0x000000000271d800 Uncommon trap: reason=unloaded action=reinterpret pc=0x0000000002ac4cd0 method=java.lang.CharacterData.of(I)Ljava/lang/CharacterData; @ 96
Event: 17.631 Thread 0x0000000018235800 Uncommon trap: reason=class_check action=maybe_recompile pc=0x0000000002b2a08c method=java.util.AbstractCollection.toArray([Ljava/lang/Object;)[Ljava/lang/Object; @ 1
Event: 17.971 Thread 0x0000000018235800 Uncommon trap: reason=unreached action=reinterpret pc=0x0000000002ada164 method=java.awt.geom.AffineTransform.transform([FI[FII)V @ 2
Event: 19.002 Thread 0x0000000018235800 Uncommon trap: reason=class_check action=maybe_recompile pc=0x0000000002b2cf70 method=java.lang.String.equals(Ljava/lang/Object;)Z @ 8
Event: 19.002 Thread 0x0000000018235800 Uncommon trap: reason=class_check action=maybe_recompile pc=0x0000000002b2cf70 method=java.lang.String.equals(Ljava/lang/Object;)Z @ 8
Event: 96.388 Thread 0x0000000018235800 Uncommon trap: reason=unreached action=reinterpret pc=0x0000000002d1dcf4 method=java.awt.EventQueue.coalesceEvent(Ljava/awt/AWTEvent;I)Z @ 7
Event: 96.409 Thread 0x0000000018235800 Uncommon trap: reason=speculate_class_check action=maybe_recompile pc=0x0000000002d10844 method=java.awt.EventQueue.eventToCacheIndex(Ljava/awt/AWTEvent;)I @ 68
Event: 96.409 Thread 0x0000000018235800 Uncommon trap: reason=speculate_class_check action=maybe_recompile pc=0x0000000002d10844 method=java.awt.EventQueue.eventToCacheIndex(Ljava/awt/AWTEvent;)I @ 68
Event: 96.409 Thread 0x0000000018235800 Uncommon trap: reason=speculate_class_check action=maybe_recompile pc=0x0000000002d10844 method=java.awt.EventQueue.eventToCacheIndex(Ljava/awt/AWTEvent;)I @ 68
Event: 96.845 Thread 0x0000000018235800 Uncommon trap: reason=speculate_class_check action=maybe_recompile pc=0x0000000002d10844 method=java.awt.EventQueue.eventToCacheIndex(Ljava/awt/AWTEvent;)I @ 68

Internal exceptions (10 events):
Event: 17.523 Thread 0x000000000271d800 Exception <a 'java/security/PrivilegedActionException'> (0x00000000e7912ba8) thrown at [C:\workspace\8-2-build-windows-amd64-cygwin\jdk8u31\2394\hotspot\src\share\vm\prims\jvm.cpp, line 1312]
Event: 17.523 Thread 0x000000000271d800 Exception <a 'java/security/PrivilegedActionException'> (0x00000000e7915420) thrown at [C:\workspace\8-2-build-windows-amd64-cygwin\jdk8u31\2394\hotspot\src\share\vm\prims\jvm.cpp, line 1312]
Event: 17.524 Thread 0x000000000271d800 Exception <a 'java/security/PrivilegedActionException'> (0x00000000e7917c90) thrown at [C:\workspace\8-2-build-windows-amd64-cygwin\jdk8u31\2394\hotspot\src\share\vm\prims\jvm.cpp, line 1312]
Event: 17.525 Thread 0x000000000271d800 Exception <a 'java/security/PrivilegedActionException'> (0x00000000e791a3e8) thrown at [C:\workspace\8-2-build-windows-amd64-cygwin\jdk8u31\2394\hotspot\src\share\vm\prims\jvm.cpp, line 1312]
Event: 17.525 Thread 0x000000000271d800 Exception <a 'java/security/PrivilegedActionException'> (0x00000000e791cc48) thrown at [C:\workspace\8-2-build-windows-amd64-cygwin\jdk8u31\2394\hotspot\src\share\vm\prims\jvm.cpp, line 1312]
Event: 17.528 Thread 0x000000000271d800 Exception <a 'java/security/PrivilegedActionException'> (0x00000000e7920b60) thrown at [C:\workspace\8-2-build-windows-amd64-cygwin\jdk8u31\2394\hotspot\src\share\vm\prims\jvm.cpp, line 1312]
Event: 17.529 Thread 0x000000000271d800 Exception <a 'java/security/PrivilegedActionException'> (0x00000000e7923488) thrown at [C:\workspace\8-2-build-windows-amd64-cygwin\jdk8u31\2394\hotspot\src\share\vm\prims\jvm.cpp, line 1312]
Event: 17.532 Thread 0x000000000271d800 Exception <a 'java/security/PrivilegedActionException'> (0x00000000e7929338) thrown at [C:\workspace\8-2-build-windows-amd64-cygwin\jdk8u31\2394\hotspot\src\share\vm\prims\jvm.cpp, line 1312]
Event: 17.534 Thread 0x000000000271d800 Exception <a 'java/security/PrivilegedActionException'> (0x00000000e792cc10) thrown at [C:\workspace\8-2-build-windows-amd64-cygwin\jdk8u31\2394\hotspot\src\share\vm\prims\jvm.cpp, line 1312]
Event: 17.654 Thread 0x0000000018235800 Exception <a 'java/security/PrivilegedActionException'> (0x00000000e8020180) thrown at [C:\workspace\8-2-build-windows-amd64-cygwin\jdk8u31\2394\hotspot\src\share\vm\prims\jvm.cpp, line 1312]

Events (10 events):
Event: 96.845 Thread 0x0000000018235800 DEOPT UNPACKING pc=0x00000000029c556a sp=0x000000001bc6ec28 mode 2
Event: 98.086 Executing VM operation: RevokeBias
Event: 98.086 Executing VM operation: RevokeBias done
Event: 98.086 Executing VM operation: RevokeBias
Event: 98.086 Executing VM operation: RevokeBias done
Event: 98.088 Thread 0x00000000161fd800 flushing nmethod 0x0000000002ab0b50
Event: 98.094 Thread 0x000000001624c000 flushing nmethod 0x0000000002b2e6d0
Event: 98.094 Thread 0x000000001624c000 flushing nmethod 0x0000000002b36290
Event: 101.543 Thread 0x000000001624b000 flushing nmethod 0x0000000002b6a850
Event: 102.573 Thread 0x000000001624c000 flushing nmethod 0x0000000002c76890


Dynamic libraries:
0x00007ff608d30000 - 0x00007ff608d64000 	C:\Program Files\Java\jre1.8.0_31\bin\javaw.exe
0x00007ffffa3f0000 - 0x00007ffffa59c000 	C:\WINDOWS\SYSTEM32\ntdll.dll
0x00007ffff7b70000 - 0x00007ffff7cae000 	C:\WINDOWS\system32\KERNEL32.DLL
0x00007ffff76c0000 - 0x00007ffff77d5000 	C:\WINDOWS\system32\KERNELBASE.dll
0x00007ffff60e0000 - 0x00007ffff616e000 	C:\WINDOWS\system32\apphelp.dll
0x00007fffeacb0000 - 0x00007fffead03000 	C:\WINDOWS\AppPatch\AppPatch64\AcGenral.DLL
0x00007ffffa020000 - 0x00007ffffa0ca000 	C:\WINDOWS\system32\msvcrt.dll
0x00007ffff7310000 - 0x00007ffff733e000 	C:\WINDOWS\SYSTEM32\SspiCli.dll
0x00007ffff7aa0000 - 0x00007ffff7af4000 	C:\WINDOWS\system32\SHLWAPI.dll
0x00007ffff9380000 - 0x00007ffff94f7000 	C:\WINDOWS\system32\USER32.dll
0x00007ffffa0f0000 - 0x00007ffffa284000 	C:\WINDOWS\system32\ole32.dll
0x00007ffff7e60000 - 0x00007ffff9378000 	C:\WINDOWS\system32\SHELL32.dll
0x00007ffff6aa0000 - 0x00007ffff6ac1000 	C:\WINDOWS\SYSTEM32\USERENV.dll
0x00007ffff9b20000 - 0x00007ffff9bca000 	C:\WINDOWS\system32\ADVAPI32.dll
0x00007fffef150000 - 0x00007fffef16e000 	C:\WINDOWS\SYSTEM32\MPR.dll
0x00007ffff9730000 - 0x00007ffff9871000 	C:\WINDOWS\system32\RPCRT4.dll
0x00007ffff95c0000 - 0x00007ffff9619000 	C:\WINDOWS\SYSTEM32\sechost.dll
0x00007ffff9bd0000 - 0x00007ffff9de1000 	C:\WINDOWS\SYSTEM32\combase.dll
0x00007ffffa290000 - 0x00007ffffa3e1000 	C:\WINDOWS\system32\GDI32.dll
0x00007ffff7540000 - 0x00007ffff7555000 	C:\WINDOWS\SYSTEM32\profapi.dll
0x00007ffff44c0000 - 0x00007ffff4572000 	C:\WINDOWS\SYSTEM32\SHCORE.dll
0x00007ffff96f0000 - 0x00007ffff9726000 	C:\WINDOWS\system32\IMM32.DLL
0x00007ffff9eb0000 - 0x00007ffffa002000 	C:\WINDOWS\system32\MSCTF.dll
0x00007ffff3fc0000 - 0x00007ffff423a000 	C:\WINDOWS\WinSxS\amd64_microsoft.windows.common-controls_6595b64144ccf1df_6.0.9600.17810_none_6240b9c7ecbd0bda\COMCTL32.dll
0x00000000767f0000 - 0x00000000768c2000 	C:\Program Files\Java\jre1.8.0_31\bin\msvcr100.dll
0x00000000768d0000 - 0x000000007712a000 	C:\Program Files\Java\jre1.8.0_31\bin\server\jvm.dll
0x00007ffff3a20000 - 0x00007ffff3a29000 	C:\WINDOWS\SYSTEM32\WSOCK32.dll
0x00007fffeb3a0000 - 0x00007fffeb3c2000 	C:\WINDOWS\SYSTEM32\WINMM.dll
0x00007ffffa0d0000 - 0x00007ffffa0d7000 	C:\WINDOWS\system32\PSAPI.DLL
0x00007ffff98e0000 - 0x00007ffff993a000 	C:\WINDOWS\system32\WS2_32.dll
0x00007fffeab30000 - 0x00007fffeab5a000 	C:\WINDOWS\SYSTEM32\WINMMBASE.dll
0x00007ffffa0e0000 - 0x00007ffffa0e9000 	C:\WINDOWS\system32\NSI.dll
0x00007ffff7a20000 - 0x00007ffff7a6f000 	C:\WINDOWS\SYSTEM32\cfgmgr32.dll
0x00007ffff6360000 - 0x00007ffff6388000 	C:\WINDOWS\SYSTEM32\DEVOBJ.dll
0x0000000050180000 - 0x000000005018f000 	C:\Program Files\Java\jre1.8.0_31\bin\verify.dll
0x00000000777a0000 - 0x00000000777c8000 	C:\Program Files\Java\jre1.8.0_31\bin\java.dll
0x0000000050000000 - 0x0000000050016000 	C:\Program Files\Java\jre1.8.0_31\bin\zip.dll
0x0000000076650000 - 0x00000000767e8000 	C:\Program Files\Java\jre1.8.0_31\bin\awt.dll
0x00007ffff9620000 - 0x00007ffff96e1000 	C:\WINDOWS\system32\OLEAUT32.dll
0x00007ffff6190000 - 0x00007ffff62b9000 	C:\WINDOWS\system32\uxtheme.dll
0x00007ffff4730000 - 0x00007ffff4751000 	C:\WINDOWS\system32\dwmapi.dll
0x00007ffff6180000 - 0x00007ffff618b000 	C:\WINDOWS\SYSTEM32\kernel.appcore.dll
0x00007ffff74b0000 - 0x00007ffff74bb000 	C:\WINDOWS\SYSTEM32\CRYPTBASE.dll
0x00007ffff7340000 - 0x00007ffff73a3000 	C:\WINDOWS\SYSTEM32\bcryptPrimitives.dll
0x00007fffe02c0000 - 0x00007fffe04e1000 	C:\WINDOWS\system32\d3d9.dll
0x00007fffef230000 - 0x00007fffef23a000 	C:\WINDOWS\SYSTEM32\VERSION.dll
0x00007fffd48d0000 - 0x00007fffd5468000 	C:\WINDOWS\SYSTEM32\igdumdim64.dll
0x00007ffff32a0000 - 0x00007ffff36e0000 	C:\WINDOWS\SYSTEM32\igdusc64.dll
0x00007fffea720000 - 0x00007fffea7c4000 	C:\WINDOWS\WinSxS\amd64_microsoft.windows.common-controls_6595b64144ccf1df_5.82.9600.17810_none_34ae2abd958aedeb\comctl32.dll
0x0000000076600000 - 0x0000000076647000 	C:\Program Files\Java\jre1.8.0_31\bin\fontmanager.dll
0x0000000077780000 - 0x000000007779a000 	C:\Program Files\Java\jre1.8.0_31\bin\net.dll
0x00007ffff6d50000 - 0x00007ffff6da9000 	C:\WINDOWS\system32\mswsock.dll
0x0000000077760000 - 0x0000000077771000 	C:\Program Files\Java\jre1.8.0_31\bin\nio.dll
0x00000000765b0000 - 0x00000000765f1000 	C:\Program Files\Java\jre1.8.0_31\bin\t2k.dll
0x00007ffff9df0000 - 0x00007ffff9ea6000 	C:\WINDOWS\SYSTEM32\clbcatq.dll
0x00007ffff2db0000 - 0x00007ffff2f2f000 	C:\WINDOWS\SYSTEM32\PROPSYS.dll
0x00007fffe7f80000 - 0x00007fffe811d000 	C:\WINDOWS\system32\NetworkExplorer.dll
0x00007ffff9940000 - 0x00007ffff9b1a000 	C:\WINDOWS\system32\SETUPAPI.dll
0x00007ffff22b0000 - 0x00007ffff22bb000 	C:\WINDOWS\System32\drprov.dll
0x00007ffff7450000 - 0x00007ffff74aa000 	C:\WINDOWS\System32\WINSTA.dll
0x00007ffff21e0000 - 0x00007ffff21f7000 	C:\WINDOWS\System32\ntlanman.dll
0x00007ffff21c0000 - 0x00007ffff21df000 	C:\WINDOWS\System32\davclnt.dll
0x00007ffff2290000 - 0x00007ffff229c000 	C:\WINDOWS\System32\DAVHLPR.dll
0x00007ffff3e60000 - 0x00007ffff3e77000 	C:\WINDOWS\System32\wkscli.dll
0x00007fffe73e0000 - 0x00007fffe73f2000 	C:\WINDOWS\SYSTEM32\cscapi.dll
0x00007ffff6d40000 - 0x00007ffff6d4c000 	C:\WINDOWS\System32\netutils.dll
0x00007fffe14e0000 - 0x00007fffe155b000 	C:\Windows\System32\dlnashext.dll
0x00007ffff13c0000 - 0x00007ffff140e000 	C:\Windows\System32\PlayToDevice.dll
0x00007ffff6db0000 - 0x00007ffff6dd0000 	C:\WINDOWS\SYSTEM32\CRYPTSP.dll
0x00007ffff6990000 - 0x00007ffff69c6000 	C:\WINDOWS\system32\rsaenh.dll
0x00007ffff7000000 - 0x00007ffff7026000 	C:\WINDOWS\SYSTEM32\bcrypt.dll
0x00007ffff1570000 - 0x00007ffff158e000 	C:\Windows\System32\DevDispItemProvider.dll
0x00007ffff20b0000 - 0x00007ffff20da000 	C:\WINDOWS\SYSTEM32\IPHLPAPI.DLL
0x00007ffff2080000 - 0x00007ffff208a000 	C:\WINDOWS\SYSTEM32\WINNSI.DLL
0x00007ffff1b00000 - 0x00007ffff1b16000 	C:\WINDOWS\SYSTEM32\dhcpcsvc6.DLL
0x00007ffff1ce0000 - 0x00007ffff1cfa000 	C:\WINDOWS\SYSTEM32\dhcpcsvc.DLL
0x00007fffef850000 - 0x00007fffef893000 	C:\WINDOWS\System32\netprofm.dll
0x00007fffeb500000 - 0x00007fffeb50e000 	C:\WINDOWS\System32\npmproxy.dll
0x00007fffdeb10000 - 0x00007fffded0d000 	C:\WINDOWS\system32\wpdshext.dll
0x00007fffe6b70000 - 0x00007fffe6d20000 	C:\WINDOWS\WinSxS\amd64_microsoft.windows.gdiplus_6595b64144ccf1df_1.1.9600.17415_none_932b3b5547500489\gdiplus.dll
0x00007fffef2d0000 - 0x00007fffef590000 	C:\Windows\System32\actxprxy.dll
0x00007fffe9ee0000 - 0x00007fffe9f94000 	C:\Windows\System32\PortableDeviceApi.dll
0x00007ffff79c0000 - 0x00007ffff7a11000 	C:\WINDOWS\system32\WINTRUST.dll
0x00007ffff77e0000 - 0x00007ffff79bf000 	C:\WINDOWS\system32\CRYPT32.dll
0x00007ffff75f0000 - 0x00007ffff7601000 	C:\WINDOWS\system32\MSASN1.dll
0x00007fffeb0f0000 - 0x00007fffeb127000 	C:\Windows\System32\EhStorShell.dll
0x00007ffff1850000 - 0x00007ffff1876000 	C:\Windows\System32\EhStorAPI.dll
0x00007ffff2590000 - 0x00007ffff25a2000 	C:\Windows\System32\WTSAPI32.dll
0x00007fffe6d20000 - 0x00007fffe6d2d000 	C:\WINDOWS\SYSTEM32\LINKINFO.dll
0x0000000077730000 - 0x000000007775a000 	C:\Program Files\Java\jre1.8.0_31\bin\dcpr.dll
0x00007fffe1690000 - 0x00007fffe1732000 	C:\WINDOWS\system32\SogouTSF.ime
0x00007fffe8c40000 - 0x00007fffe8c47000 	C:\WINDOWS\system32\MSIMG32.dll
0x00007ffff20f0000 - 0x00007ffff2122000 	C:\WINDOWS\SYSTEM32\ntmarta.dll
0x00007fffda6f0000 - 0x00007fffdaf11000 	C:\WINDOWS\system32\SogouPy.ime
0x00007ffff36e0000 - 0x00007ffff374a000 	C:\WINDOWS\SYSTEM32\OLEACC.dll
0x0000000020490000 - 0x000000002056a000 	D:\New folder (2)\SogouInput\7.5.0.5674\Resource.dll
0x00007fffda500000 - 0x00007fffda6ee000 	D:\New folder (2)\SogouInput\Components\PicFace\1.0.0.1272\PicFace64.dll
0x00007ffff30b0000 - 0x00007ffff3239000 	C:\WINDOWS\SYSTEM32\dbghelp.dll

VM Arguments:
jvm_args: -Dfile.encoding=UTF-8 
java_command: cs298.FFSP
java_class_path (initial): D:\cs298\FaseFindAndSearch\bin;D:\cs298\FaseFindAndSearch\library\jmathplot.jar;D:\cs298\MDS\mdsj.jar;D:\cs298\FaseFindAndSearch\javaml-0.1.6.jar;D:\cs298\FaseFindAndSearch\library\ajt-2.6.jar;D:\cs298\FaseFindAndSearch\library\jfreechart-1.0.19.jar;D:\cs298\FaseFindAndSearch\library\jcommon-1.0.23.jar
Launcher Type: SUN_STANDARD

Environment Variables:
JAVA_HOME=C:\Program Files\Java\jdk1.8.0_31
CLASSPATH=d:\software\weka-3-6\weka.jar;.;C:\Program Files\Java\jdk1.8.0_31\lib\tools.jar;C:\Program Files\Java\jdk1.8.0_31\lib\dt.jar;C:\Program Files\Java\jdk1.8.0_31\bin;C:\Program Files\Java\jre1.8.0_31\bin
PATH=C:/Program Files/Java/jre1.8.0_31/bin/server;C:/Program Files/Java/jre1.8.0_31/bin;C:/Program Files/Java/jre1.8.0_31/lib/amd64;C:\ProgramData\Oracle\Java\javapath;.;c:\program files\java\jre1.8.0_31\bin;c:\program files\java\jdk1.8.0_31\bin;c:\program files\java\jdk1.8.0_31\lib\tools.jar;c:\program files\java\jdk1.8.0_31\lib\dt.jar;C:\Program Files (x86)\Intel\iCLS Client\;C:\Program Files\Intel\iCLS Client\;C:\WINDOWS\system32;C:\WINDOWS;C:\WINDOWS\System32\Wbem;C:\WINDOWS\System32\WindowsPowerShell\v1.0\;C:\Program Files (x86)\Intel\OpenCL SDK\2.0\bin\x86;C:\Program Files (x86)\Intel\OpenCL SDK\2.0\bin\x64;C:\Program Files\Intel\Intel(R) Management Engine Components\DAL;C:\Program Files\Intel\Intel(R) Management Engine Components\IPT;C:\Program Files (x86)\Intel\Intel(R) Management Engine Components\DAL;C:\Program Files (x86)\Intel\Intel(R) Management Engine Components\IPT;C:\Program Files\Diskeeper Corporation\ExpressCache\;C:\Program Files\Microsoft SQL Server\110\DTS\Binn\;C:\Program Files (x86)\Microsoft SQL Server\110\Tools\Binn\;C:\Program Files\Microsoft SQL Server\110\Tools\Binn\;C:\Program Files (x86)\Microsoft SQL Server\110\Tools\Binn\ManagementStudio\;C:\Program Files (x86)\Microsoft Visual Studio 10.0\Common7\IDE\PrivateAssemblies\;C:\Program Files (x86)\Microsoft SQL Server\110\DTS\Binn\;C:\Program Files (x86)\Skype\Phone\;C:\Program Files\eclipse-standard-luna-SR2-win32-x86_64\eclipse;
USERNAME=Administrator
OS=Windows_NT
PROCESSOR_IDENTIFIER=Intel64 Family 6 Model 58 Stepping 9, GenuineIntel



---------------  S Y S T E M  ---------------

OS: Windows 8.1 , 64 bit Build 9600 

CPU:total 4 (2 cores per cpu, 2 threads per core) family 6 model 58 stepping 9, cmov, cx8, fxsr, mmx, sse, sse2, sse3, ssse3, sse4.1, sse4.2, popcnt, avx, aes, clmul, erms, ht, tsc, tscinvbit, tscinv

Memory: 4k page, physical 6174352k(813996k free), swap 25048720k(9412k free)

vm_info: Java HotSpot(TM) 64-Bit Server VM (25.31-b07) for windows-amd64 JRE (1.8.0_31-b13), built on Dec 17 2014 21:00:28 by "java_re" with MS VC++ 10.0 (VS2010)

time: Fri Jul 10 17:14:09 2015
elapsed time: 104 seconds (0d 0h 1m 44s)

