#
# A fatal error has been detected by the Java Runtime Environment:
#
#  EXCEPTION_ACCESS_VIOLATION (0xc0000005) at pc=0x00007ffb951545bc, pid=9656, tid=2920
#
# JRE version: Java(TM) SE Runtime Environment (8.0_31-b13) (build 1.8.0_31-b13)
# Java VM: Java HotSpot(TM) 64-Bit Server VM (25.31-b07 mixed mode windows-amd64 compressed oops)
# Problematic frame:
# C  [igdumdim64.dll+0xa45bc]
#
# Failed to write core dump. Minidumps are not enabled by default on client versions of Windows
#
# If you would like to submit a bug report, please visit:
#   http://bugreport.java.com/bugreport/crash.jsp
# The crash happened outside the Java Virtual Machine in native code.
# See problematic frame for where to report the bug.
#

---------------  T H R E A D  ---------------

Current thread (0x0000000018417800):  JavaThread "AWT-Windows" daemon [_thread_in_native, id=2920, stack(0x00000000190f0000,0x00000000191f0000)]

siginfo: ExceptionCode=0xc0000005, reading address 0x00000000000001bc

Registers:
RAX=0x0000000000000000, RBX=0x000000001ba798c8, RCX=0x000000000111b840, RDX=0x000000001ba798c8
RSP=0x00000000191ee658, RBP=0x00000000191ee760, RSI=0x000000001a932b50, RDI=0x000000001ba79858
R8 =0x0000000000000001, R9 =0x000000001ba118c0, R10=0x0000000000000000, R11=0x000000000110f4c0
R12=0x0000000000000000, R13=0x0000000000000000, R14=0x0000000000000000, R15=0x000000000111b840
RIP=0x00007ffb951545bc, EFLAGS=0x0000000000010246

Top of Stack: (sp=0x00000000191ee658)
0x00000000191ee658:   00007ffb95153526 000000000111b840
0x00000000191ee668:   0000000000000000 0000000000000020
0x00000000191ee678:   00007ffbb62007c7 0000000001070000
0x00000000191ee688:   0000000000000000 0000000000000020
0x00000000191ee698:   0000000a00000000 0000000000000000
0x00000000191ee6a8:   0000000000000000 0000000000000001
0x00000000191ee6b8:   0000000000000001 0000000000000001
0x00000000191ee6c8:   fffffffffffffffe 0000000000000000
0x00000000191ee6d8:   00007ffbb61ee76e 8000000000000001
0x00000000191ee6e8:   000000001ba12538 0000000000000000
0x00000000191ee6f8:   0000000000000b68 0000000000000014
0x00000000191ee708:   000000000111e610 00007ffb950b0000
0x00000000191ee718:   0000000000000000 000000001ba12500
0x00000000191ee728:   00007ffbb6238824 0000000000000000
0x00000000191ee738:   0000000000000000 000000000111b840
0x00000000191ee748:   00000000191ee919 00000000191ee988 

Instructions: (pc=0x00007ffb951545bc)
0x00007ffb9515459c:   cc cc cc cc 80 b9 59 1c 00 00 00 48 8b 42 68 41
0x00007ffb951545ac:   b8 01 00 00 00 75 1f 80 b9 5a 1c 00 00 00 75 16
0x00007ffb951545bc:   83 b8 bc 01 00 00 00 75 0d 83 b8 6c 01 00 00 00
0x00007ffb951545cc:   75 04 33 c0 eb 03 41 8b c0 81 62 04 ff ff ff fd 


Register to memory mapping:

RAX=0x0000000000000000 is an unknown value
RBX=0x000000001ba798c8 is an unknown value
RCX=0x000000000111b840 is an unknown value
RDX=0x000000001ba798c8 is an unknown value
RSP=0x00000000191ee658 is pointing into the stack for thread: 0x0000000018417800
RBP=0x00000000191ee760 is pointing into the stack for thread: 0x0000000018417800
RSI=0x000000001a932b50 is an unknown value
RDI=0x000000001ba79858 is an unknown value
R8 =0x0000000000000001 is an unknown value
R9 =0x000000001ba118c0 is an unknown value
R10=0x0000000000000000 is an unknown value
R11=0x000000000110f4c0 is an unknown value
R12=0x0000000000000000 is an unknown value
R13=0x0000000000000000 is an unknown value
R14=0x0000000000000000 is an unknown value
R15=0x000000000111b840 is an unknown value


Stack: [0x00000000190f0000,0x00000000191f0000],  sp=0x00000000191ee658,  free space=1017k
Native frames: (J=compiled Java code, j=interpreted, Vv=VM code, C=native code)
C  [igdumdim64.dll+0xa45bc]

Java frames: (J=compiled Java code, j=interpreted, Vv=VM code)
j  sun.awt.windows.WToolkit.eventLoop()V+0
j  sun.awt.windows.WToolkit.run()V+58
j  java.lang.Thread.run()V+11
v  ~StubRoutines::call_stub

---------------  P R O C E S S  ---------------

Java Threads: ( => current thread )
  0x000000001868f000 JavaThread "Image Fetcher 1" daemon [_thread_blocked, id=10224, stack(0x000000001c390000,0x000000001c490000)]
  0x0000000018700000 JavaThread "Swing-Shell" daemon [_thread_blocked, id=12452, stack(0x000000001b1c0000,0x000000001b2c0000)]
  0x0000000018047800 JavaThread "AWT-EventQueue-0" [_thread_in_native, id=10344, stack(0x000000001acc0000,0x000000001adc0000)]
  0x0000000018045000 JavaThread "Image Fetcher 0" daemon [_thread_blocked, id=10708, stack(0x000000001abc0000,0x000000001acc0000)]
=>0x0000000018417800 JavaThread "AWT-Windows" daemon [_thread_in_native, id=2920, stack(0x00000000190f0000,0x00000000191f0000)]
  0x0000000018579800 JavaThread "AWT-Shutdown" [_thread_blocked, id=13132, stack(0x0000000018ff0000,0x00000000190f0000)]
  0x00000000180fe000 JavaThread "Java2D Disposer" daemon [_thread_blocked, id=12020, stack(0x0000000018ef0000,0x0000000018ff0000)]
  0x0000000017d20800 JavaThread "Service Thread" daemon [_thread_blocked, id=13288, stack(0x0000000018100000,0x0000000018200000)]
  0x00000000164b8000 JavaThread "C1 CompilerThread2" daemon [_thread_blocked, id=5968, stack(0x0000000017c00000,0x0000000017d00000)]
  0x00000000164b6800 JavaThread "C2 CompilerThread1" daemon [_thread_blocked, id=5080, stack(0x0000000017b00000,0x0000000017c00000)]
  0x00000000164af800 JavaThread "C2 CompilerThread0" daemon [_thread_blocked, id=13156, stack(0x0000000017a00000,0x0000000017b00000)]
  0x00000000164ac800 JavaThread "Attach Listener" daemon [_thread_blocked, id=8620, stack(0x0000000017900000,0x0000000017a00000)]
  0x00000000164ab800 JavaThread "Signal Dispatcher" daemon [_thread_blocked, id=2204, stack(0x0000000017800000,0x0000000017900000)]
  0x0000000002c25000 JavaThread "Finalizer" daemon [_thread_blocked, id=11336, stack(0x0000000017700000,0x0000000017800000)]
  0x0000000016478000 JavaThread "Reference Handler" daemon [_thread_blocked, id=12136, stack(0x0000000017600000,0x0000000017700000)]
  0x0000000002b2d800 JavaThread "main" [_thread_blocked, id=5412, stack(0x00000000029d0000,0x0000000002ad0000)]

Other Threads:
  0x0000000016476000 VMThread [stack: 0x0000000017500000,0x0000000017600000] [id=12968]
  0x0000000017d23000 WatcherThread [stack: 0x0000000018200000,0x0000000018300000] [id=4932]

VM state:not at safepoint (normal execution)

VM Mutex/Monitor currently owned by a thread: None

Heap:
 PSYoungGen      total 28672K, used 4754K [0x00000000e0980000, 0x00000000e2980000, 0x0000000100000000)
  eden space 24576K, 19% used [0x00000000e0980000,0x00000000e0e24a70,0x00000000e2180000)
  from space 4096K, 0% used [0x00000000e2180000,0x00000000e2180000,0x00000000e2580000)
  to   space 4096K, 0% used [0x00000000e2580000,0x00000000e2580000,0x00000000e2980000)
 ParOldGen       total 48640K, used 3129K [0x00000000a1c00000, 0x00000000a4b80000, 0x00000000e0980000)
  object space 48640K, 6% used [0x00000000a1c00000,0x00000000a1f0e730,0x00000000a4b80000)
 Metaspace       used 12493K, capacity 12636K, committed 12928K, reserved 1064960K
  class space    used 1742K, capacity 1800K, committed 1920K, reserved 1048576K

Card table byte_map: [0x0000000011ff0000,0x00000000122f0000] byte_map_base: 0x0000000011ae2000

Marking Bits: (ParMarkBitMap*) 0x0000000059e1d4f0
 Begin Bits: [0x00000000128f0000, 0x0000000014080000)
 End Bits:   [0x0000000014080000, 0x0000000015810000)

Polling page: 0x00000000010c0000

CodeCache: size=245760Kb used=3415Kb max_used=3415Kb free=242344Kb
 bounds [0x0000000002c30000, 0x0000000002f90000, 0x0000000011c30000]
 total_blobs=1436 nmethods=917 adapters=433
 compilation: enabled

Compilation events (10 events):
Event: 2.358 Thread 0x00000000164b8000  913       3       java.awt.geom.EllipseIterator::next (11 bytes)
Event: 2.358 Thread 0x00000000164b8000 nmethod 913 0x0000000002f7da10 code [0x0000000002f7db60, 0x0000000002f7dcb0]
Event: 2.358 Thread 0x00000000164b8000  914       1       sun.java2d.SurfaceData::isValid (5 bytes)
Event: 2.358 Thread 0x00000000164b8000 nmethod 914 0x0000000002f7d710 code [0x0000000002f7d860, 0x0000000002f7d970]
Event: 2.358 Thread 0x00000000164b8000  915   !   3       sun.dc.pr.Rasterizer::appendCubic (55 bytes)
Event: 2.359 Thread 0x00000000164b8000 nmethod 915 0x0000000002f842d0 code [0x0000000002f84480, 0x0000000002f848b8]
Event: 2.359 Thread 0x00000000164b8000  918   !   3       sun.dc.pr.Rasterizer::getAlpha (76 bytes)
Event: 2.360 Thread 0x00000000164b8000 nmethod 918 0x0000000002f85290 code [0x0000000002f854c0, 0x0000000002f860c8]
Event: 2.360 Thread 0x00000000164b8000  919       3       sun.dc.pr.PathFiller::writeAlpha (10 bytes)
Event: 2.360 Thread 0x00000000164b8000 nmethod 919 0x0000000002f86910 code [0x0000000002f86a80, 0x0000000002f86c08]

GC Heap History (4 events):
Event: 1.849 GC heap before
{Heap before GC invocations=1 (full 0):
 PSYoungGen      total 28672K, used 20066K [0x00000000e0980000, 0x00000000e2980000, 0x0000000100000000)
  eden space 24576K, 81% used [0x00000000e0980000,0x00000000e1d18898,0x00000000e2180000)
  from space 4096K, 0% used [0x00000000e2580000,0x00000000e2580000,0x00000000e2980000)
  to   space 4096K, 0% used [0x00000000e2180000,0x00000000e2180000,0x00000000e2580000)
 ParOldGen       total 65536K, used 0K [0x00000000a1c00000, 0x00000000a5c00000, 0x00000000e0980000)
  object space 65536K, 0% used [0x00000000a1c00000,0x00000000a1c00000,0x00000000a5c00000)
 Metaspace       used 10018K, capacity 10098K, committed 10240K, reserved 1064960K
  class space    used 1383K, capacity 1411K, committed 1536K, reserved 1048576K
Event: 1.853 GC heap after
Heap after GC invocations=1 (full 0):
 PSYoungGen      total 28672K, used 3234K [0x00000000e0980000, 0x00000000e2980000, 0x0000000100000000)
  eden space 24576K, 0% used [0x00000000e0980000,0x00000000e0980000,0x00000000e2180000)
  from space 4096K, 78% used [0x00000000e2180000,0x00000000e24a88f8,0x00000000e2580000)
  to   space 4096K, 0% used [0x00000000e2580000,0x00000000e2580000,0x00000000e2980000)
 ParOldGen       total 65536K, used 16K [0x00000000a1c00000, 0x00000000a5c00000, 0x00000000e0980000)
  object space 65536K, 0% used [0x00000000a1c00000,0x00000000a1c04000,0x00000000a5c00000)
 Metaspace       used 10018K, capacity 10098K, committed 10240K, reserved 1064960K
  class space    used 1383K, capacity 1411K, committed 1536K, reserved 1048576K
}
Event: 1.853 GC heap before
{Heap before GC invocations=2 (full 1):
 PSYoungGen      total 28672K, used 3234K [0x00000000e0980000, 0x00000000e2980000, 0x0000000100000000)
  eden space 24576K, 0% used [0x00000000e0980000,0x00000000e0980000,0x00000000e2180000)
  from space 4096K, 78% used [0x00000000e2180000,0x00000000e24a88f8,0x00000000e2580000)
  to   space 4096K, 0% used [0x00000000e2580000,0x00000000e2580000,0x00000000e2980000)
 ParOldGen       total 65536K, used 16K [0x00000000a1c00000, 0x00000000a5c00000, 0x00000000e0980000)
  object space 65536K, 0% used [0x00000000a1c00000,0x00000000a1c04000,0x00000000a5c00000)
 Metaspace       used 10018K, capacity 10098K, committed 10240K, reserved 1064960K
  class space    used 1383K, capacity 1411K, committed 1536K, reserved 1048576K
Event: 1.871 GC heap after
Heap after GC invocations=2 (full 1):
 PSYoungGen      total 28672K, used 0K [0x00000000e0980000, 0x00000000e2980000, 0x0000000100000000)
  eden space 24576K, 0% used [0x00000000e0980000,0x00000000e0980000,0x00000000e2180000)
  from space 4096K, 0% used [0x00000000e2180000,0x00000000e2180000,0x00000000e2580000)
  to   space 4096K, 0% used [0x00000000e2580000,0x00000000e2580000,0x00000000e2980000)
 ParOldGen       total 48640K, used 3129K [0x00000000a1c00000, 0x00000000a4b80000, 0x00000000e0980000)
  object space 48640K, 6% used [0x00000000a1c00000,0x00000000a1f0e730,0x00000000a4b80000)
 Metaspace       used 10017K, capacity 10096K, committed 10240K, reserved 1062912K
  class space    used 1382K, capacity 1410K, committed 1536K, reserved 1048576K
}

Deoptimization events (10 events):
Event: 1.778 Thread 0x0000000002b2d800 Uncommon trap: reason=unreached action=reinterpret pc=0x0000000002ddc070 method=java.util.regex.Pattern.compile()V @ 249
Event: 1.778 Thread 0x0000000002b2d800 Uncommon trap: reason=class_check action=maybe_recompile pc=0x0000000002dc501c method=java.util.regex.Pattern$Start.match(Ljava/util/regex/Matcher;ILjava/lang/CharSequence;)Z @ 44
Event: 1.778 Thread 0x0000000002b2d800 Uncommon trap: reason=class_check action=maybe_recompile pc=0x0000000002dc501c method=java.util.regex.Pattern$Start.match(Ljava/util/regex/Matcher;ILjava/lang/CharSequence;)Z @ 44
Event: 1.778 Thread 0x0000000002b2d800 Uncommon trap: reason=class_check action=maybe_recompile pc=0x0000000002dc501c method=java.util.regex.Pattern$Start.match(Ljava/util/regex/Matcher;ILjava/lang/CharSequence;)Z @ 44
Event: 1.778 Thread 0x0000000002b2d800 Uncommon trap: reason=class_check action=maybe_recompile pc=0x0000000002dc501c method=java.util.regex.Pattern$Start.match(Ljava/util/regex/Matcher;ILjava/lang/CharSequence;)Z @ 44
Event: 1.919 Thread 0x0000000002b2d800 Uncommon trap: reason=class_check action=maybe_recompile pc=0x0000000002dd87cc method=java.util.AbstractCollection.toArray([Ljava/lang/Object;)[Ljava/lang/Object; @ 1
Event: 1.919 Thread 0x0000000002b2d800 Uncommon trap: reason=class_check action=maybe_recompile pc=0x0000000002dd87cc method=java.util.AbstractCollection.toArray([Ljava/lang/Object;)[Ljava/lang/Object; @ 1
Event: 1.998 Thread 0x0000000002b2d800 Uncommon trap: reason=unloaded action=reinterpret pc=0x0000000002e13cf4 method=java.lang.String.split(Ljava/lang/String;I)[Ljava/lang/String; @ 116
Event: 2.008 Thread 0x0000000002b2d800 Uncommon trap: reason=unloaded action=reinterpret pc=0x0000000002d79250 method=java.lang.CharacterData.of(I)Ljava/lang/CharacterData; @ 96
Event: 2.302 Thread 0x0000000018047800 Uncommon trap: reason=class_check action=maybe_recompile pc=0x0000000002dd87cc method=java.util.AbstractCollection.toArray([Ljava/lang/Object;)[Ljava/lang/Object; @ 1

Internal exceptions (10 events):
Event: 2.151 Thread 0x0000000002b2d800 Exception <a 'java/security/PrivilegedActionException'> (0x00000000e0abd670) thrown at [C:\workspace\8-2-build-windows-amd64-cygwin\jdk8u31\2394\hotspot\src\share\vm\prims\jvm.cpp, line 1312]
Event: 2.152 Thread 0x0000000002b2d800 Exception <a 'java/security/PrivilegedActionException'> (0x00000000e0abfee8) thrown at [C:\workspace\8-2-build-windows-amd64-cygwin\jdk8u31\2394\hotspot\src\share\vm\prims\jvm.cpp, line 1312]
Event: 2.152 Thread 0x0000000002b2d800 Exception <a 'java/security/PrivilegedActionException'> (0x00000000e0ac2758) thrown at [C:\workspace\8-2-build-windows-amd64-cygwin\jdk8u31\2394\hotspot\src\share\vm\prims\jvm.cpp, line 1312]
Event: 2.153 Thread 0x0000000002b2d800 Exception <a 'java/security/PrivilegedActionException'> (0x00000000e0ac4eb0) thrown at [C:\workspace\8-2-build-windows-amd64-cygwin\jdk8u31\2394\hotspot\src\share\vm\prims\jvm.cpp, line 1312]
Event: 2.153 Thread 0x0000000002b2d800 Exception <a 'java/security/PrivilegedActionException'> (0x00000000e0ac7710) thrown at [C:\workspace\8-2-build-windows-amd64-cygwin\jdk8u31\2394\hotspot\src\share\vm\prims\jvm.cpp, line 1312]
Event: 2.155 Thread 0x0000000002b2d800 Exception <a 'java/security/PrivilegedActionException'> (0x00000000e0acb5c8) thrown at [C:\workspace\8-2-build-windows-amd64-cygwin\jdk8u31\2394\hotspot\src\share\vm\prims\jvm.cpp, line 1312]
Event: 2.156 Thread 0x0000000002b2d800 Exception <a 'java/security/PrivilegedActionException'> (0x00000000e0acdef0) thrown at [C:\workspace\8-2-build-windows-amd64-cygwin\jdk8u31\2394\hotspot\src\share\vm\prims\jvm.cpp, line 1312]
Event: 2.159 Thread 0x0000000002b2d800 Exception <a 'java/security/PrivilegedActionException'> (0x00000000e0ad3da0) thrown at [C:\workspace\8-2-build-windows-amd64-cygwin\jdk8u31\2394\hotspot\src\share\vm\prims\jvm.cpp, line 1312]
Event: 2.160 Thread 0x0000000002b2d800 Exception <a 'java/security/PrivilegedActionException'> (0x00000000e0ad7678) thrown at [C:\workspace\8-2-build-windows-amd64-cygwin\jdk8u31\2394\hotspot\src\share\vm\prims\jvm.cpp, line 1312]
Event: 2.325 Thread 0x0000000018047800 Exception <a 'java/security/PrivilegedActionException'> (0x00000000e0a81e78) thrown at [C:\workspace\8-2-build-windows-amd64-cygwin\jdk8u31\2394\hotspot\src\share\vm\prims\jvm.cpp, line 1312]

Events (10 events):
Event: 2.363 loading class sun/java2d/d3d/D3DPaints$RadialGradient
Event: 2.363 loading class sun/java2d/d3d/D3DPaints$RadialGradient done
Event: 2.363 loading class sun/java2d/d3d/D3DPaints$Texture
Event: 2.363 loading class sun/java2d/d3d/D3DPaints$Texture done
Event: 2.364 loading class sun/java2d/loops/Blit$GeneralMaskBlit
Event: 2.364 loading class sun/java2d/loops/Blit$GeneralMaskBlit done
Event: 2.364 loading class sun/java2d/loops/MaskBlit$General
Event: 2.364 loading class sun/java2d/loops/GraphicsPrimitive$GeneralBinaryOp
Event: 2.364 loading class sun/java2d/loops/GraphicsPrimitive$GeneralBinaryOp done
Event: 2.364 loading class sun/java2d/loops/MaskBlit$General done


Dynamic libraries:
0x00007ff7499f0000 - 0x00007ff749a24000 	C:\Program Files\Java\jre1.8.0_31\bin\javaw.exe
0x00007ffbb61d0000 - 0x00007ffbb637c000 	C:\WINDOWS\SYSTEM32\ntdll.dll
0x00007ffbb4740000 - 0x00007ffbb487e000 	C:\WINDOWS\system32\KERNEL32.DLL
0x00007ffbb33f0000 - 0x00007ffbb3505000 	C:\WINDOWS\system32\KERNELBASE.dll
0x00007ffbb1ec0000 - 0x00007ffbb1f4e000 	C:\WINDOWS\system32\apphelp.dll
0x00007ffba0780000 - 0x00007ffba07d3000 	C:\WINDOWS\AppPatch\AppPatch64\AcGenral.DLL
0x00007ffbb3f00000 - 0x00007ffbb3faa000 	C:\WINDOWS\system32\msvcrt.dll
0x00007ffbb30f0000 - 0x00007ffbb311e000 	C:\WINDOWS\SYSTEM32\SspiCli.dll
0x00007ffbb3dd0000 - 0x00007ffbb3e24000 	C:\WINDOWS\system32\SHLWAPI.dll
0x00007ffbb3ad0000 - 0x00007ffbb3c47000 	C:\WINDOWS\system32\USER32.dll
0x00007ffbb4b00000 - 0x00007ffbb4c94000 	C:\WINDOWS\system32\ole32.dll
0x00007ffbb4ca0000 - 0x00007ffbb61b8000 	C:\WINDOWS\system32\SHELL32.dll
0x00007ffbb28c0000 - 0x00007ffbb28e1000 	C:\WINDOWS\SYSTEM32\USERENV.dll
0x00007ffbb3c50000 - 0x00007ffbb3cfa000 	C:\WINDOWS\system32\ADVAPI32.dll
0x00007ffbabb30000 - 0x00007ffbabb4e000 	C:\WINDOWS\SYSTEM32\MPR.dll
0x00007ffbb38c0000 - 0x00007ffbb3a01000 	C:\WINDOWS\system32\RPCRT4.dll
0x00007ffbb3d70000 - 0x00007ffbb3dc9000 	C:\WINDOWS\SYSTEM32\sechost.dll
0x00007ffbb42e0000 - 0x00007ffbb44f1000 	C:\WINDOWS\SYSTEM32\combase.dll
0x00007ffbb4980000 - 0x00007ffbb4ad1000 	C:\WINDOWS\system32\GDI32.dll
0x00007ffbb3320000 - 0x00007ffbb3335000 	C:\WINDOWS\SYSTEM32\profapi.dll
0x00007ffbb1890000 - 0x00007ffbb1942000 	C:\WINDOWS\SYSTEM32\SHCORE.dll
0x00007ffbb4880000 - 0x00007ffbb48b6000 	C:\WINDOWS\system32\IMM32.DLL
0x00007ffbb3fd0000 - 0x00007ffbb4122000 	C:\WINDOWS\system32\MSCTF.dll
0x00007ffbaf380000 - 0x00007ffbaf5fa000 	C:\WINDOWS\WinSxS\amd64_microsoft.windows.common-controls_6595b64144ccf1df_6.0.9600.17810_none_6240b9c7ecbd0bda\COMCTL32.dll
0x000000005a890000 - 0x000000005a962000 	C:\Program Files\Java\jre1.8.0_31\bin\msvcr100.dll
0x0000000059640000 - 0x0000000059e9a000 	C:\Program Files\Java\jre1.8.0_31\bin\server\jvm.dll
0x00007ffbae2b0000 - 0x00007ffbae2b9000 	C:\WINDOWS\SYSTEM32\WSOCK32.dll
0x00007ffbab720000 - 0x00007ffbab742000 	C:\WINDOWS\SYSTEM32\WINMM.dll
0x00007ffbb38b0000 - 0x00007ffbb38b7000 	C:\WINDOWS\system32\PSAPI.DLL
0x00007ffbb46e0000 - 0x00007ffbb473a000 	C:\WINDOWS\system32\WS2_32.dll
0x00007ffbab6e0000 - 0x00007ffbab70a000 	C:\WINDOWS\SYSTEM32\WINMMBASE.dll
0x00007ffbb61c0000 - 0x00007ffbb61c9000 	C:\WINDOWS\system32\NSI.dll
0x00007ffbb3800000 - 0x00007ffbb384f000 	C:\WINDOWS\SYSTEM32\cfgmgr32.dll
0x00007ffbb2110000 - 0x00007ffbb2138000 	C:\WINDOWS\SYSTEM32\DEVOBJ.dll
0x000000005b1e0000 - 0x000000005b1ef000 	C:\Program Files\Java\jre1.8.0_31\bin\verify.dll
0x000000005ab70000 - 0x000000005ab98000 	C:\Program Files\Java\jre1.8.0_31\bin\java.dll
0x000000005aa30000 - 0x000000005aa46000 	C:\Program Files\Java\jre1.8.0_31\bin\zip.dll
0x000000005a6f0000 - 0x000000005a888000 	C:\Program Files\Java\jre1.8.0_31\bin\awt.dll
0x00007ffbb3e30000 - 0x00007ffbb3ef1000 	C:\WINDOWS\system32\OLEAUT32.dll
0x00007ffbb1f90000 - 0x00007ffbb20b9000 	C:\WINDOWS\system32\uxtheme.dll
0x00007ffbb0080000 - 0x00007ffbb00a1000 	C:\WINDOWS\system32\dwmapi.dll
0x00007ffbb2160000 - 0x00007ffbb216b000 	C:\WINDOWS\SYSTEM32\kernel.appcore.dll
0x00007ffbb3190000 - 0x00007ffbb319b000 	C:\WINDOWS\SYSTEM32\CRYPTBASE.dll
0x00007ffbb3120000 - 0x00007ffbb3183000 	C:\WINDOWS\SYSTEM32\bcryptPrimitives.dll
0x00007ffb95c50000 - 0x00007ffb95e71000 	C:\WINDOWS\system32\d3d9.dll
0x00007ffbab2e0000 - 0x00007ffbab2ea000 	C:\WINDOWS\SYSTEM32\VERSION.dll
0x00007ffb950b0000 - 0x00007ffb95c48000 	C:\WINDOWS\SYSTEM32\igdumdim64.dll
0x00007ffbb00b0000 - 0x00007ffbb04f0000 	C:\WINDOWS\SYSTEM32\igdusc64.dll
0x00007ffba06d0000 - 0x00007ffba0774000 	C:\WINDOWS\WinSxS\amd64_microsoft.windows.common-controls_6595b64144ccf1df_5.82.9600.17810_none_34ae2abd958aedeb\comctl32.dll
0x000000005a6a0000 - 0x000000005a6e7000 	C:\Program Files\Java\jre1.8.0_31\bin\fontmanager.dll
0x000000005aa10000 - 0x000000005aa2a000 	C:\Program Files\Java\jre1.8.0_31\bin\net.dll
0x00007ffbb2b30000 - 0x00007ffbb2b89000 	C:\WINDOWS\system32\mswsock.dll
0x000000005a9f0000 - 0x000000005aa01000 	C:\Program Files\Java\jre1.8.0_31\bin\nio.dll
0x000000005a550000 - 0x000000005a591000 	C:\Program Files\Java\jre1.8.0_31\bin\t2k.dll
0x00007ffbb48c0000 - 0x00007ffbb4976000 	C:\WINDOWS\SYSTEM32\clbcatq.dll
0x00007ffbaeb10000 - 0x00007ffbaec8f000 	C:\WINDOWS\SYSTEM32\PROPSYS.dll
0x00007ffba7710000 - 0x00007ffba78ad000 	C:\WINDOWS\system32\NetworkExplorer.dll
0x00007ffbb4500000 - 0x00007ffbb46da000 	C:\WINDOWS\system32\SETUPAPI.dll
0x00007ffbae330000 - 0x00007ffbae33b000 	C:\WINDOWS\System32\drprov.dll
0x00007ffbb31a0000 - 0x00007ffbb31fa000 	C:\WINDOWS\System32\WINSTA.dll
0x00007ffbae310000 - 0x00007ffbae327000 	C:\WINDOWS\System32\ntlanman.dll
0x00007ffbae2f0000 - 0x00007ffbae30f000 	C:\WINDOWS\System32\davclnt.dll
0x00007ffbae2e0000 - 0x00007ffbae2ec000 	C:\WINDOWS\System32\DAVHLPR.dll
0x00007ffbaf1d0000 - 0x00007ffbaf1e7000 	C:\WINDOWS\System32\wkscli.dll
0x00007ffba94c0000 - 0x00007ffba94d2000 	C:\WINDOWS\SYSTEM32\cscapi.dll
0x00007ffbb2560000 - 0x00007ffbb256c000 	C:\WINDOWS\System32\netutils.dll
0x00007ffbabf60000 - 0x00007ffbabfdb000 	C:\Windows\System32\dlnashext.dll
0x00007ffba2aa0000 - 0x00007ffba2aee000 	C:\Windows\System32\PlayToDevice.dll
0x00007ffbb2b90000 - 0x00007ffbb2bb0000 	C:\WINDOWS\SYSTEM32\CRYPTSP.dll
0x00007ffbb27b0000 - 0x00007ffbb27e6000 	C:\WINDOWS\system32\rsaenh.dll
0x00007ffbb2de0000 - 0x00007ffbb2e06000 	C:\WINDOWS\SYSTEM32\bcrypt.dll
0x00007ffbabe40000 - 0x00007ffbabe5e000 	C:\Windows\System32\DevDispItemProvider.dll
0x00007ffba9ed0000 - 0x00007ffbaa190000 	C:\Windows\System32\actxprxy.dll
0x00007ffb9c5b0000 - 0x00007ffb9c7ad000 	C:\WINDOWS\system32\wpdshext.dll
0x00007ffba7b20000 - 0x00007ffba7cd0000 	C:\WINDOWS\WinSxS\amd64_microsoft.windows.gdiplus_6595b64144ccf1df_1.1.9600.17415_none_932b3b5547500489\gdiplus.dll
0x00007ffba01d0000 - 0x00007ffba0284000 	C:\Windows\System32\PortableDeviceApi.dll
0x00007ffbb37a0000 - 0x00007ffbb37f1000 	C:\WINDOWS\system32\WINTRUST.dll
0x00007ffbb35c0000 - 0x00007ffbb379f000 	C:\WINDOWS\system32\CRYPT32.dll
0x00007ffbb33d0000 - 0x00007ffbb33e1000 	C:\WINDOWS\system32\MSASN1.dll
0x00007ffbac690000 - 0x00007ffbac6c7000 	C:\Windows\System32\EhStorShell.dll
0x00007ffbabb50000 - 0x00007ffbabb76000 	C:\Windows\System32\EhStorAPI.dll
0x00007ffbaeed0000 - 0x00007ffbaeee2000 	C:\Windows\System32\WTSAPI32.dll
0x00007ffba94e0000 - 0x00007ffba94ed000 	C:\WINDOWS\SYSTEM32\LINKINFO.dll
0x000000005a990000 - 0x000000005a9ba000 	C:\Program Files\Java\jre1.8.0_31\bin\dcpr.dll
0x00007ffba2790000 - 0x00007ffba2919000 	C:\WINDOWS\SYSTEM32\dbghelp.dll

VM Arguments:
jvm_args: -Dfile.encoding=UTF-8 
java_command: cs298.FFSP
java_class_path (initial): D:\cs298\FaseFindAndSearch\bin;D:\cs298\FaseFindAndSearch\library\jmathplot.jar;D:\cs298\MDS\mdsj.jar;D:\cs298\FaseFindAndSearch\javaml-0.1.6.jar;D:\cs298\FaseFindAndSearch\library\ajt-2.6.jar;D:\cs298\FaseFindAndSearch\library\jfreechart-1.0.19.jar;D:\cs298\FaseFindAndSearch\library\jcommon-1.0.23.jar
Launcher Type: SUN_STANDARD

Environment Variables:
JAVA_HOME=C:\Program Files\Java\jdk1.8.0_31
CLASSPATH=d:\software\weka-3-6\weka.jar;.;C:\Program Files\Java\jdk1.8.0_31\lib\tools.jar;C:\Program Files\Java\jdk1.8.0_31\lib\dt.jar;C:\Program Files\Java\jdk1.8.0_31\bin;C:\Program Files\Java\jre1.8.0_31\bin
PATH=C:/Program Files/Java/jre1.8.0_31/bin/server;C:/Program Files/Java/jre1.8.0_31/bin;C:/Program Files/Java/jre1.8.0_31/lib/amd64;C:\ProgramData\Oracle\Java\javapath;.;c:\program files\java\jre1.8.0_31\bin;c:\program files\java\jdk1.8.0_31\bin;c:\program files\java\jdk1.8.0_31\lib\tools.jar;c:\program files\java\jdk1.8.0_31\lib\dt.jar;C:\Program Files (x86)\Intel\iCLS Client\;C:\Program Files\Intel\iCLS Client\;C:\WINDOWS\system32;C:\WINDOWS;C:\WINDOWS\System32\Wbem;C:\WINDOWS\System32\WindowsPowerShell\v1.0\;C:\Program Files (x86)\Intel\OpenCL SDK\2.0\bin\x86;C:\Program Files (x86)\Intel\OpenCL SDK\2.0\bin\x64;C:\Program Files\Intel\Intel(R) Management Engine Components\DAL;C:\Program Files\Intel\Intel(R) Management Engine Components\IPT;C:\Program Files (x86)\Intel\Intel(R) Management Engine Components\DAL;C:\Program Files (x86)\Intel\Intel(R) Management Engine Components\IPT;C:\Program Files\Diskeeper Corporation\ExpressCache\;C:\Program Files\Microsoft SQL Server\110\DTS\Binn\;C:\Program Files (x86)\Microsoft SQL Server\110\Tools\Binn\;C:\Program Files\Microsoft SQL Server\110\Tools\Binn\;C:\Program Files (x86)\Microsoft SQL Server\110\Tools\Binn\ManagementStudio\;C:\Program Files (x86)\Microsoft Visual Studio 10.0\Common7\IDE\PrivateAssemblies\;C:\Program Files (x86)\Microsoft SQL Server\110\DTS\Binn\;C:\Program Files (x86)\Skype\Phone\;C:\Program Files\eclipse-standard-luna-SR2-win32-x86_64\eclipse;
USERNAME=Administrator
OS=Windows_NT
PROCESSOR_IDENTIFIER=Intel64 Family 6 Model 58 Stepping 9, GenuineIntel



---------------  S Y S T E M  ---------------

OS: Windows 8.1 , 64 bit Build 9600 

CPU:total 4 (2 cores per cpu, 2 threads per core) family 6 model 58 stepping 9, cmov, cx8, fxsr, mmx, sse, sse2, sse3, ssse3, sse4.1, sse4.2, popcnt, avx, aes, clmul, erms, ht, tsc, tscinvbit, tscinv

Memory: 4k page, physical 6174352k(1100060k free), swap 25048720k(3088k free)

vm_info: Java HotSpot(TM) 64-Bit Server VM (25.31-b07) for windows-amd64 JRE (1.8.0_31-b13), built on Dec 17 2014 21:00:28 by "java_re" with MS VC++ 10.0 (VS2010)

time: Sat Jul 11 15:47:42 2015
elapsed time: 2 seconds (0d 0h 0m 2s)

